#-----------------------------------------------------------
# Vivado v2023.1 (64-bit)
# SW Build 3865809 on Sun May  7 15:05:29 MDT 2023
# IP Build 3864474 on Sun May  7 20:36:21 MDT 2023
# SharedData Build 3865790 on Sun May 07 13:33:03 MDT 2023
# Start of session at: Mon Mar 18 11:27:14 2024
# Process ID: 9396
# Current directory: C:/Users/daniel.avila.EIA/Documents/GitHub/DAPHNE_V1/daphne_v1
# Command line: vivado.exe -gui_launcher_event rodinguilauncherevent8096 C:\Users\daniel.avila.EIA\Documents\GitHub\DAPHNE_V1\daphne_v1\daphne_v1.xpr
# Log file: C:/Users/daniel.avila.EIA/Documents/GitHub/DAPHNE_V1/daphne_v1/vivado.log
# Journal file: C:/Users/daniel.avila.EIA/Documents/GitHub/DAPHNE_V1/daphne_v1\vivado.jou
# Running On: danielA, OS: Windows, CPU Frequency: 2712 MHz, CPU Physical cores: 6, Host memory: 33942 MB
#-----------------------------------------------------------
start_gui
open_project C:/Users/daniel.avila.EIA/Documents/GitHub/DAPHNE_V1/daphne_v1/daphne_v1.xpr
WARNING: [Board 49-26] cannot add Board Part xilinx.com:vek280_es:part0:1.0 available at C:/Xilinx/Vivado/2023.1/data/xhub/boards/XilinxBoardStore/boards/Xilinx/vek280/es/rev_a/1.0/board.xml as part xcve2802-vsvh1760-2lp-e-s-es1 specified in board_part file is either invalid or not available
WARNING: [Board 49-26] cannot add Board Part xilinx.com:vek280_es:part0:1.1 available at C:/Xilinx/Vivado/2023.1/data/xhub/boards/XilinxBoardStore/boards/Xilinx/vek280/es/rev_a/1.1/board.xml as part xcve2802-vsvh1760-2lp-e-s-es1 specified in board_part file is either invalid or not available
WARNING: [Board 49-26] cannot add Board Part xilinx.com:vek280_es_revb:part0:1.0 available at C:/Xilinx/Vivado/2023.1/data/xhub/boards/XilinxBoardStore/boards/Xilinx/vek280/es/rev_b/1.0/board.xml as part xcve2802-vsvh1760-2mp-e-s-es1 specified in board_part file is either invalid or not available
WARNING: [Board 49-26] cannot add Board Part xilinx.com:vek280_es_revb:part0:1.1 available at C:/Xilinx/Vivado/2023.1/data/xhub/boards/XilinxBoardStore/boards/Xilinx/vek280/es/rev_b/1.1/board.xml as part xcve2802-vsvh1760-2mp-e-s-es1 specified in board_part file is either invalid or not available
WARNING: [Board 49-26] cannot add Board Part xilinx.com:vhk158_es:part0:1.0 available at C:/Xilinx/Vivado/2023.1/data/xhub/boards/XilinxBoardStore/boards/Xilinx/vhk158/es/1.0/board.xml as part xcvh1582-vsva3697-2mp-e-s-es1 specified in board_part file is either invalid or not available
WARNING: [Board 49-26] cannot add Board Part xilinx.com:vhk158_es:part0:1.1 available at C:/Xilinx/Vivado/2023.1/data/xhub/boards/XilinxBoardStore/boards/Xilinx/vhk158/es/1.1/board.xml as part xcvh1582-vsva3697-2mp-e-s-es1 specified in board_part file is either invalid or not available
WARNING: [Board 49-26] cannot add Board Part xilinx.com:vpk120_es:part0:1.2 available at C:/Xilinx/Vivado/2023.1/data/xhub/boards/XilinxBoardStore/boards/Xilinx/vpk120/es/1.2/board.xml as part xcvp1202-vsva2785-2mp-e-s-es1 specified in board_part file is either invalid or not available
WARNING: [Board 49-26] cannot add Board Part xilinx.com:vpk120_es:part0:1.3 available at C:/Xilinx/Vivado/2023.1/data/xhub/boards/XilinxBoardStore/boards/Xilinx/vpk120/es/1.3/board.xml as part xcvp1202-vsva2785-2mp-e-s-es1 specified in board_part file is either invalid or not available
WARNING: [Board 49-26] cannot add Board Part xilinx.com:vpk120_es_revb:part0:1.0 available at C:/Xilinx/Vivado/2023.1/data/xhub/boards/XilinxBoardStore/boards/Xilinx/vpk120_revb/es/1.0/board.xml as part xcvp1202-vsva2785-2mp-e-s-es1 specified in board_part file is either invalid or not available
WARNING: [Board 49-26] cannot add Board Part xilinx.com:vpk120_es_revb:part0:1.1 available at C:/Xilinx/Vivado/2023.1/data/xhub/boards/XilinxBoardStore/boards/Xilinx/vpk120_revb/es/1.1/board.xml as part xcvp1202-vsva2785-2mp-e-s-es1 specified in board_part file is either invalid or not available
WARNING: [Board 49-26] cannot add Board Part xilinx.com:vpk180_es:part0:1.0 available at C:/Xilinx/Vivado/2023.1/data/xhub/boards/XilinxBoardStore/boards/Xilinx/vpk180/es/1.0/board.xml as part xcvp1802-lsvc4072-2mp-e-s-es1 specified in board_part file is either invalid or not available
WARNING: [Board 49-26] cannot add Board Part xilinx.com:vpk180_es:part0:1.1 available at C:/Xilinx/Vivado/2023.1/data/xhub/boards/XilinxBoardStore/boards/Xilinx/vpk180/es/1.1/board.xml as part xcvp1802-lsvc4072-2mp-e-s-es1 specified in board_part file is either invalid or not available
WARNING: [Board 49-26] cannot add Board Part xilinx.com:zcu208ld:part0:2.0 available at C:/Xilinx/Vivado/2023.1/data/xhub/boards/XilinxBoardStore/boards/Xilinx/zcu208ld/production/2.0/board.xml as part xczu58dr-fsvg1517-2-i specified in board_part file is either invalid or not available
WARNING: [Board 49-26] cannot add Board Part xilinx.com:zcu216ld:part0:2.0 available at C:/Xilinx/Vivado/2023.1/data/xhub/boards/XilinxBoardStore/boards/Xilinx/zcu216ld/production/2.0/board.xml as part xczu59dr-ffvf1760-2-i specified in board_part file is either invalid or not available
WARNING: [Board 49-26] cannot add Board Part xilinx.com:zcu670:part0:2.0 available at C:/Xilinx/Vivado/2023.1/data/xhub/boards/XilinxBoardStore/boards/Xilinx/zcu670/2.0/board.xml as part xczu67dr-fsve1156-2-i specified in board_part file is either invalid or not available
WARNING: [Board 49-26] cannot add Board Part xilinx.com:zcu670ld:part0:1.0 available at C:/Xilinx/Vivado/2023.1/data/xhub/boards/XilinxBoardStore/boards/Xilinx/zcu670ld/1.0/board.xml as part xczu57dr-fsve1156-2-i specified in board_part file is either invalid or not available
Scanning sources...
Finished scanning sources
INFO: [IP_Flow 19-234] Refreshing IP repositories
INFO: [IP_Flow 19-1704] No user IP repositories specified
INFO: [IP_Flow 19-2313] Loaded Vivado IP repository 'C:/Xilinx/Vivado/2023.1/data/ip'.
open_project: Time (s): cpu = 00:00:28 ; elapsed = 00:00:13 . Memory (MB): peak = 2510.164 ; gain = 407.051
update_compile_order -fileset sources_1
close [ open C:/Users/daniel.avila.EIA/Documents/GitHub/DAPHNE_V1/daphne_v1/daphne_v1.srcs/sources_1/new/FIFO_TO_AXI_Stream_Logic.vhd w ]
add_files C:/Users/daniel.avila.EIA/Documents/GitHub/DAPHNE_V1/daphne_v1/daphne_v1.srcs/sources_1/new/FIFO_TO_AXI_Stream_Logic.vhd
update_compile_order -fileset sources_1
update_compile_order -fileset sources_1
reset_run synth_1
INFO: [Project 1-1161] Replacing file C:/Users/daniel.avila.EIA/Documents/GitHub/DAPHNE_V1/daphne_v1/daphne_v1.srcs/utils_1/imports/synth_1/daphne1.dcp with file C:/Users/daniel.avila.EIA/Documents/GitHub/DAPHNE_V1/daphne_v1/daphne_v1.runs/synth_1/daphne1.dcp
launch_runs impl_1 -to_step write_bitstream -jobs 12
[Mon Mar 18 13:36:00 2024] Launched synth_1...
Run output will be captured here: C:/Users/daniel.avila.EIA/Documents/GitHub/DAPHNE_V1/daphne_v1/daphne_v1.runs/synth_1/runme.log
[Mon Mar 18 13:36:00 2024] Launched impl_1...
Run output will be captured here: C:/Users/daniel.avila.EIA/Documents/GitHub/DAPHNE_V1/daphne_v1/daphne_v1.runs/impl_1/runme.log
reset_run synth_1
INFO: [Project 1-1161] Replacing file C:/Users/daniel.avila.EIA/Documents/GitHub/DAPHNE_V1/daphne_v1/daphne_v1.srcs/utils_1/imports/synth_1/daphne1.dcp with file C:/Users/daniel.avila.EIA/Documents/GitHub/DAPHNE_V1/daphne_v1/daphne_v1.runs/synth_1/daphne1.dcp
launch_runs impl_1 -to_step write_bitstream -jobs 12
[Mon Mar 18 14:36:34 2024] Launched synth_1...
Run output will be captured here: C:/Users/daniel.avila.EIA/Documents/GitHub/DAPHNE_V1/daphne_v1/daphne_v1.runs/synth_1/runme.log
[Mon Mar 18 14:36:34 2024] Launched impl_1...
Run output will be captured here: C:/Users/daniel.avila.EIA/Documents/GitHub/DAPHNE_V1/daphne_v1/daphne_v1.runs/impl_1/runme.log
reset_run synth_1
launch_runs impl_1 -to_step write_bitstream -jobs 12
[Mon Mar 18 14:39:37 2024] Launched synth_1...
Run output will be captured here: C:/Users/daniel.avila.EIA/Documents/GitHub/DAPHNE_V1/daphne_v1/daphne_v1.runs/synth_1/runme.log
[Mon Mar 18 14:39:37 2024] Launched impl_1...
Run output will be captured here: C:/Users/daniel.avila.EIA/Documents/GitHub/DAPHNE_V1/daphne_v1/daphne_v1.runs/impl_1/runme.log
exit
INFO: [Common 17-206] Exiting Vivado at Mon Mar 18 15:48:36 2024...
