Copyright 1986-2022 Xilinx, Inc. All Rights Reserved. Copyright 2022-2023 Advanced Micro Devices, Inc. All Rights Reserved.
--------------------------------------------------------------------------------------------------------------------------------------------------
| Tool Version : Vivado v.2023.1 (win64) Build 3865809 Sun May  7 15:05:29 MDT 2023
| Date         : Tue Oct 31 16:28:39 2023
| Host         : danielA running 64-bit major release  (build 9200)
| Command      : report_methodology -file fpga_methodology_drc_routed.rpt -pb fpga_methodology_drc_routed.pb -rpx fpga_methodology_drc_routed.rpx
| Design       : fpga
| Device       : xc7a200tfbg676-2
| Speed File   : -2
| Design State : Fully Routed
--------------------------------------------------------------------------------------------------------------------------------------------------

Report Methodology

Table of Contents
-----------------
1. REPORT SUMMARY
2. REPORT DETAILS

1. REPORT SUMMARY
-----------------
            Netlist: netlist
          Floorplan: design_1
      Design limits: <entire design considered>
             Max violations: <unlimited>
             Violations found: 14
+----------+----------+-----------------------------------------------------------+------------+
| Rule     | Severity | Description                                               | Violations |
+----------+----------+-----------------------------------------------------------+------------+
| LUTAR-1  | Warning  | LUT drives async reset alert                              | 1          |
| PDRC-190 | Warning  | Suboptimally placed synchronized register chain           | 8          |
| SYNTH-5  | Warning  | Mapped onto distributed RAM because of timing constraints | 4          |
| SYNTH-16 | Warning  | Address collision                                         | 1          |
+----------+----------+-----------------------------------------------------------+------------+

2. REPORT DETAILS
-----------------
LUTAR-1#1 Warning
LUT drives async reset alert  
LUT cell ETH_PHY_COM/U0/pcs_pma_block_i/gig_ethernet_pcs_pma_0_core/gpcs_pma_inst/MGT_RESET.SYNC_ASYNC_RESET/MGT_RESET.RESET_INT_PIPE_i_1, with 2 or more inputs, drives asynchronous preset/clear pin(s) ETH_PHY_COM/U0/pcs_pma_block_i/gig_ethernet_pcs_pma_0_core/gpcs_pma_inst/MGT_RESET.RESET_INT_PIPE_reg/PRE
ETH_PHY_COM/U0/pcs_pma_block_i/gig_ethernet_pcs_pma_0_core/gpcs_pma_inst/MGT_RESET.RESET_INT_reg/PRE. The LUT may glitch and trigger an unexpected reset, even if it is a properly timed path.
Related violations: <none>

PDRC-190#1 Warning
Suboptimally placed synchronized register chain  
The FDPE cell ETH_PHY_COM/U0/pcs_pma_block_i/gig_ethernet_pcs_pma_0_core/gpcs_pma_inst/MGT_RESET.SYNC_ASYNC_RESET/reset_sync5 in site SLICE_X60Y191 is part of a synchronized register chain that is suboptimally placed as the load FDPE cell ETH_PHY_COM/U0/pcs_pma_block_i/gig_ethernet_pcs_pma_0_core/gpcs_pma_inst/MGT_RESET.SYNC_ASYNC_RESET/reset_sync6 is not placed in the same (SLICE) site.
Related violations: <none>

PDRC-190#2 Warning
Suboptimally placed synchronized register chain  
The FDPE cell ETH_PHY_COM/U0/pcs_pma_block_i/transceiver_inst/gtwizard_inst/U0/gtwizard_i/gt0_GTWIZARD_i/gtrxreset_seq_i/sync_gtrxreset_in/reset_sync5 in site SLICE_X58Y198 is part of a synchronized register chain that is suboptimally placed as the load FDPE cell ETH_PHY_COM/U0/pcs_pma_block_i/transceiver_inst/gtwizard_inst/U0/gtwizard_i/gt0_GTWIZARD_i/gtrxreset_seq_i/sync_gtrxreset_in/reset_sync6 is not placed in the same (SLICE) site.
Related violations: <none>

PDRC-190#3 Warning
Suboptimally placed synchronized register chain  
The FDPE cell ETH_PHY_COM/U0/pcs_pma_block_i/transceiver_inst/gtwizard_inst/U0/gtwizard_i/gt0_GTWIZARD_i/gtrxreset_seq_i/sync_rst_sync/reset_sync5 in site SLICE_X62Y196 is part of a synchronized register chain that is suboptimally placed as the load FDPE cell ETH_PHY_COM/U0/pcs_pma_block_i/transceiver_inst/gtwizard_inst/U0/gtwizard_i/gt0_GTWIZARD_i/gtrxreset_seq_i/sync_rst_sync/reset_sync6 is not placed in the same (SLICE) site.
Related violations: <none>

PDRC-190#4 Warning
Suboptimally placed synchronized register chain  
The FDPE cell ETH_PHY_COM/U0/pcs_pma_block_i/transceiver_inst/reclock_encommaalign/reset_sync5 in site SLICE_X44Y212 is part of a synchronized register chain that is suboptimally placed as the load FDPE cell ETH_PHY_COM/U0/pcs_pma_block_i/transceiver_inst/reclock_encommaalign/reset_sync6 is not placed in the same (SLICE) site.
Related violations: <none>

PDRC-190#5 Warning
Suboptimally placed synchronized register chain  
The FDPE cell ETH_PHY_COM/U0/pcs_pma_block_i/transceiver_inst/reclock_rxreset/reset_sync5 in site SLICE_X54Y193 is part of a synchronized register chain that is suboptimally placed as the load FDPE cell ETH_PHY_COM/U0/pcs_pma_block_i/transceiver_inst/reclock_rxreset/reset_sync6 is not placed in the same (SLICE) site.
Related violations: <none>

PDRC-190#6 Warning
Suboptimally placed synchronized register chain  
The FDPE cell ETH_PHY_COM/U0/pcs_pma_block_i/transceiver_inst/reclock_txreset/reset_sync5 in site SLICE_X49Y193 is part of a synchronized register chain that is suboptimally placed as the load FDPE cell ETH_PHY_COM/U0/pcs_pma_block_i/transceiver_inst/reclock_txreset/reset_sync6 is not placed in the same (SLICE) site.
Related violations: <none>

PDRC-190#7 Warning
Suboptimally placed synchronized register chain  
The FDRE cell ETH_PHY_COM/U0/pcs_pma_block_i/gig_ethernet_pcs_pma_0_core/gpcs_pma_inst/MGT_RESET.SRESET_PIPE_reg in site SLICE_X52Y193 is part of a synchronized register chain that is suboptimally placed as the load FDSE cell ETH_PHY_COM/U0/pcs_pma_block_i/gig_ethernet_pcs_pma_0_core/gpcs_pma_inst/MGT_RESET.SRESET_reg is not placed in the same (SLICE) site.
Related violations: <none>

PDRC-190#8 Warning
Suboptimally placed synchronized register chain  
The FDRE cell ETH_PHY_COM/U0/pcs_pma_block_i/transceiver_inst/gtwizard_inst/U0/gt0_rxresetfsm_i/sync_data_valid/data_sync_reg2 in site SLICE_X50Y194 is part of a synchronized register chain that is suboptimally placed as the load FDRE cell ETH_PHY_COM/U0/pcs_pma_block_i/transceiver_inst/gtwizard_inst/U0/gt0_rxresetfsm_i/sync_data_valid/data_sync_reg3 is not placed in the same (SLICE) site.
Related violations: <none>

SYNTH-5#1 Warning
Mapped onto distributed RAM because of timing constraints  
The instance ETH_FRAME/udp_complete_inst/ip_complete_inst/arp_inst/arp_cache_inst/valid_mem_reg_0_127_0_0 is implemented as distributed LUT RAM for the following reason: The timing constraints suggest that the chosen mapping will yield a better timing.
Related violations: <none>

SYNTH-5#2 Warning
Mapped onto distributed RAM because of timing constraints  
The instance ETH_FRAME/udp_complete_inst/ip_complete_inst/arp_inst/arp_cache_inst/valid_mem_reg_128_255_0_0 is implemented as distributed LUT RAM for the following reason: The timing constraints suggest that the chosen mapping will yield a better timing.
Related violations: <none>

SYNTH-5#3 Warning
Mapped onto distributed RAM because of timing constraints  
The instance ETH_FRAME/udp_complete_inst/ip_complete_inst/arp_inst/arp_cache_inst/valid_mem_reg_256_383_0_0 is implemented as distributed LUT RAM for the following reason: The timing constraints suggest that the chosen mapping will yield a better timing.
Related violations: <none>

SYNTH-5#4 Warning
Mapped onto distributed RAM because of timing constraints  
The instance ETH_FRAME/udp_complete_inst/ip_complete_inst/arp_inst/arp_cache_inst/valid_mem_reg_384_511_0_0 is implemented as distributed LUT RAM for the following reason: The timing constraints suggest that the chosen mapping will yield a better timing.
Related violations: <none>

SYNTH-16#1 Warning
Address collision  
Block RAM ETH_FRAME/udp_complete_inst/ip_complete_inst/arp_inst/arp_cache_inst/ip_addr_mem_reg may get memory collision error if read and write address collide. Use of address collision resolution circuitry is recommended.
Related violations: <none>


