Copyright 1986-2022 Xilinx, Inc. All Rights Reserved. Copyright 2022-2023 Advanced Micro Devices, Inc. All Rights Reserved.
---------------------------------------------------------------------------------------------------------------------------------------------------------------------
| Tool Version : Vivado v.2023.1 (win64) Build 3865809 Sun May  7 15:05:29 MDT 2023
| Date         : Mon Oct 30 16:48:28 2023
| Host         : danielA running 64-bit major release  (build 9200)
| Command      : report_bus_skew -warn_on_violation -file daphne1_arch_bus_skew_routed.rpt -pb daphne1_arch_bus_skew_routed.pb -rpx daphne1_arch_bus_skew_routed.rpx
| Design       : daphne1_arch
| Device       : 7a200t-fbg676
| Speed File   : -2  PRODUCTION 1.23 2018-06-13
| Design State : Routed
---------------------------------------------------------------------------------------------------------------------------------------------------------------------

Bus Skew Report

Table of Contents
-----------------
1. Bus Skew Report Summary
2. Bus Skew Report Per Constraint

1. Bus Skew Report Summary
--------------------------

Id  Position  From                            To                              Corner  Requirement(ns)  Actual(ns)  Slack(ns)
--  --------  ------------------------------  ------------------------------  ------  ---------------  ----------  ---------
1   14        [get_cells {{ETH0/ETH_MAC_COM/eth_mac_1g_gmii_fifo_inst/rx_fifo/fifo_inst/rd_ptr_reg_reg[*]} {ETH0/ETH_MAC_COM/eth_mac_1g_gmii_fifo_inst/rx_fifo/fifo_inst/rd_ptr_gray_reg_reg[*]}}]
                                              [get_cells {ETH0/ETH_MAC_COM/eth_mac_1g_gmii_fifo_inst/rx_fifo/fifo_inst/rd_ptr_gray_sync1_reg_reg[*]}]
                                                                              NA                8.000          NA         NA
2   16        [get_cells -quiet {{ETH0/ETH_MAC_COM/eth_mac_1g_gmii_fifo_inst/rx_fifo/fifo_inst/wr_ptr_reg_reg[*]} {ETH0/ETH_MAC_COM/eth_mac_1g_gmii_fifo_inst/rx_fifo/fifo_inst/wr_ptr_gray_reg_reg[*]} {ETH0/ETH_MAC_COM/eth_mac_1g_gmii_fifo_inst/rx_fifo/fifo_inst/wr_ptr_sync_gray_reg_reg[*]}}]
                                              [get_cells {ETH0/ETH_MAC_COM/eth_mac_1g_gmii_fifo_inst/rx_fifo/fifo_inst/wr_ptr_gray_sync1_reg_reg[*]}]
                                                                              NA                8.000          NA         NA
3   22        [get_cells {{ETH0/ETH_MAC_COM/eth_mac_1g_gmii_fifo_inst/tx_fifo/fifo_inst/rd_ptr_reg_reg[*]} {ETH0/ETH_MAC_COM/eth_mac_1g_gmii_fifo_inst/tx_fifo/fifo_inst/rd_ptr_gray_reg_reg[*]}}]
                                              [get_cells {ETH0/ETH_MAC_COM/eth_mac_1g_gmii_fifo_inst/tx_fifo/fifo_inst/rd_ptr_gray_sync1_reg_reg[*]}]
                                                                              Slow              8.000       0.792      7.208
4   24        [get_cells -quiet {{ETH0/ETH_MAC_COM/eth_mac_1g_gmii_fifo_inst/tx_fifo/fifo_inst/wr_ptr_reg_reg[*]} {ETH0/ETH_MAC_COM/eth_mac_1g_gmii_fifo_inst/tx_fifo/fifo_inst/wr_ptr_gray_reg_reg[*]} {ETH0/ETH_MAC_COM/eth_mac_1g_gmii_fifo_inst/tx_fifo/fifo_inst/wr_ptr_sync_gray_reg_reg[*]}}]
                                              [get_cells {ETH0/ETH_MAC_COM/eth_mac_1g_gmii_fifo_inst/tx_fifo/fifo_inst/wr_ptr_gray_sync1_reg_reg[*]}]
                                                                              Slow              8.000       1.027      6.973


2. Bus Skew Report Per Constraint
---------------------------------

Id: 1
set_bus_skew -from [get_cells {{ETH0/ETH_MAC_COM/eth_mac_1g_gmii_fifo_inst/rx_fifo/fifo_inst/rd_ptr_reg_reg[*]} {ETH0/ETH_MAC_COM/eth_mac_1g_gmii_fifo_inst/rx_fifo/fifo_inst/rd_ptr_gray_reg_reg[*]}}] -to [get_cells {ETH0/ETH_MAC_COM/eth_mac_1g_gmii_fifo_inst/rx_fifo/fifo_inst/rd_ptr_gray_sync1_reg_reg[*]}] 8.000
Requirement: 8.000ns
Endpoints: 0
No bus skew paths found.


Id: 2
set_bus_skew -from [get_cells -quiet {{ETH0/ETH_MAC_COM/eth_mac_1g_gmii_fifo_inst/rx_fifo/fifo_inst/wr_ptr_reg_reg[*]} {ETH0/ETH_MAC_COM/eth_mac_1g_gmii_fifo_inst/rx_fifo/fifo_inst/wr_ptr_gray_reg_reg[*]} {ETH0/ETH_MAC_COM/eth_mac_1g_gmii_fifo_inst/rx_fifo/fifo_inst/wr_ptr_sync_gray_reg_reg[*]}}] -to [get_cells {ETH0/ETH_MAC_COM/eth_mac_1g_gmii_fifo_inst/rx_fifo/fifo_inst/wr_ptr_gray_sync1_reg_reg[*]}] 8.000
Requirement: 8.000ns
Endpoints: 0
No bus skew paths found.


Id: 3
set_bus_skew -from [get_cells {{ETH0/ETH_MAC_COM/eth_mac_1g_gmii_fifo_inst/tx_fifo/fifo_inst/rd_ptr_reg_reg[*]} {ETH0/ETH_MAC_COM/eth_mac_1g_gmii_fifo_inst/tx_fifo/fifo_inst/rd_ptr_gray_reg_reg[*]}}] -to [get_cells {ETH0/ETH_MAC_COM/eth_mac_1g_gmii_fifo_inst/tx_fifo/fifo_inst/rd_ptr_gray_sync1_reg_reg[*]}] 8.000
Requirement: 8.000ns
Endpoints: 14

From Clock            To Clock              Endpoint Pin                    Reference Pin                   Corner  Actual(ns)  Slack(ns)
--------------------  --------------------  ------------------------------  ------------------------------  ------  ----------  ---------
sclk125               sclk125               ETH0/ETH_MAC_COM/eth_mac_1g_gmii_fifo_inst/tx_fifo/fifo_inst/rd_ptr_gray_sync1_reg_reg[9]/D
                                                                            ETH0/ETH_MAC_COM/eth_mac_1g_gmii_fifo_inst/tx_fifo/fifo_inst/rd_ptr_gray_sync1_reg_reg[7]/D
                                                                                                            Slow         0.792      7.208


Slack (MET) :             7.208ns  (requirement - actual skew)
  Endpoint Source:        ETH0/ETH_MAC_COM/eth_mac_1g_gmii_fifo_inst/tx_fifo/fifo_inst/rd_ptr_gray_reg_reg[9]/C
                            (rising edge-triggered cell FDRE clocked by sclk125)
  Endpoint Destination:   ETH0/ETH_MAC_COM/eth_mac_1g_gmii_fifo_inst/tx_fifo/fifo_inst/rd_ptr_gray_sync1_reg_reg[9]/D
                            (rising edge-triggered cell FDRE clocked by sclk125)
  Reference Source:       ETH0/ETH_MAC_COM/eth_mac_1g_gmii_fifo_inst/tx_fifo/fifo_inst/rd_ptr_gray_reg_reg[7]/C
                            (rising edge-triggered cell FDRE clocked by sclk125)
  Reference Destination:  ETH0/ETH_MAC_COM/eth_mac_1g_gmii_fifo_inst/tx_fifo/fifo_inst/rd_ptr_gray_sync1_reg_reg[7]/D
                            (rising edge-triggered cell FDRE clocked by sclk125)
  Path Type:              Bus Skew (Max at Slow Process Corner)
  Requirement:            8.000ns
  Endpoint Relative Delay:    1.474ns
  Reference Relative Delay:   0.524ns
  Relative CRPR:              0.158ns
  Actual Bus Skew:            0.792ns  (Endpoint Relative Delay - Reference Relative Delay - Relative CRPR)

Endpoint path:
    Location             Delay type                Incr(ns)  Path(ns)    Netlist Resource(s)
  -------------------------------------------------------------------    -------------------
                         (clock sclk125 rise edge)    0.000     0.000 r  
    AA4                                               0.000     0.000 r  sysclk_p (IN)
                         net (fo=0)                   0.000     0.000    SYS_TIMING_EPNT/sysclk_p
    AA4                  IBUFDS (Prop_ibufds_I_O)     0.907     0.907 r  SYS_TIMING_EPNT/sysclk_ibufds_inst/O
                         net (fo=1, routed)           1.065     1.972    SYS_TIMING_EPNT/sysclk_ibuf
    MMCME2_ADV_X1Y1      MMCME2_ADV (Prop_mmcme2_adv_CLKIN1_CLKOUT3)
                                                     -6.553    -4.581 r  SYS_TIMING_EPNT/mmcm0_inst/CLKOUT3
                         net (fo=1, routed)           1.797    -2.784    SYS_TIMING_EPNT/mmcm0_clkout3
    BUFGCTRL_X0Y0        BUFG (Prop_bufg_I_O)         0.081    -2.703 r  SYS_TIMING_EPNT/mmcm0_clk3_inst/O
                         net (fo=2386, routed)        0.118    -2.585    ETH0/ETH_MAC_COM/eth_mac_1g_gmii_fifo_inst/eth_mac_1g_gmii_inst/gmii_phy_if_inst/sys_clk125
    BUFGCTRL_X0Y1        BUFGCTRL (Prop_bufgctrl_I0_O)
                                                      0.081    -2.504 r  ETH0/ETH_MAC_COM/eth_mac_1g_gmii_fifo_inst/eth_mac_1g_gmii_inst/gmii_phy_if_inst/gmii_bufgmux_inst/O
                         net (fo=163, routed)         1.380    -1.124    ETH0/ETH_MAC_COM/eth_mac_1g_gmii_fifo_inst/tx_fifo/fifo_inst/tx_clk
    SLICE_X66Y184        FDRE                                         r  ETH0/ETH_MAC_COM/eth_mac_1g_gmii_fifo_inst/tx_fifo/fifo_inst/rd_ptr_gray_reg_reg[9]/C
  -------------------------------------------------------------------    -------------------
    SLICE_X66Y184        FDRE (Prop_fdre_C_Q)         0.398    -0.726 r  ETH0/ETH_MAC_COM/eth_mac_1g_gmii_fifo_inst/tx_fifo/fifo_inst/rd_ptr_gray_reg_reg[9]/Q
                         net (fo=2, routed)           0.613    -0.113    ETH0/ETH_MAC_COM/eth_mac_1g_gmii_fifo_inst/tx_fifo/fifo_inst/rd_ptr_gray_reg[9]
    SLICE_X68Y183        FDRE                                         r  ETH0/ETH_MAC_COM/eth_mac_1g_gmii_fifo_inst/tx_fifo/fifo_inst/rd_ptr_gray_sync1_reg_reg[9]/D
  -------------------------------------------------------------------    -------------------

                         (clock sclk125 rise edge)    0.000     0.000 r  
    AA4                                               0.000     0.000 r  sysclk_p (IN)
                         net (fo=0)                   0.000     0.000    SYS_TIMING_EPNT/sysclk_p
    AA4                  IBUFDS (Prop_ibufds_I_O)     0.867     0.867 r  SYS_TIMING_EPNT/sysclk_ibufds_inst/O
                         net (fo=1, routed)           1.004     1.870    SYS_TIMING_EPNT/sysclk_ibuf
    MMCME2_ADV_X1Y1      MMCME2_ADV (Prop_mmcme2_adv_CLKIN1_CLKOUT3)
                                                     -6.667    -4.797 r  SYS_TIMING_EPNT/mmcm0_inst/CLKOUT3
                         net (fo=1, routed)           1.712    -3.085    SYS_TIMING_EPNT/mmcm0_clkout3
    BUFGCTRL_X0Y0        BUFG (Prop_bufg_I_O)         0.077    -3.008 r  SYS_TIMING_EPNT/mmcm0_clk3_inst/O
                         net (fo=2386, routed)        1.272    -1.736    ETH0/ETH_MAC_COM/eth_mac_1g_gmii_fifo_inst/tx_fifo/fifo_inst/sys_clk125
    SLICE_X68Y183        FDRE                                         r  ETH0/ETH_MAC_COM/eth_mac_1g_gmii_fifo_inst/tx_fifo/fifo_inst/rd_ptr_gray_sync1_reg_reg[9]/C
                         clock pessimism              0.305    -1.431    
    SLICE_X68Y183        FDRE (Setup_fdre_C_D)       -0.156    -1.587    ETH0/ETH_MAC_COM/eth_mac_1g_gmii_fifo_inst/tx_fifo/fifo_inst/rd_ptr_gray_sync1_reg_reg[9]
  -------------------------------------------------------------------
                         data arrival                          -0.113    
                         clock arrival                         -1.587    
  -------------------------------------------------------------------
                         relative delay                         1.474    

Reference path:
    Location             Delay type                Incr(ns)  Path(ns)    Netlist Resource(s)
  -------------------------------------------------------------------    -------------------
                         (clock sclk125 rise edge)    0.000     0.000 r  
    AA4                                               0.000     0.000 r  sysclk_p (IN)
                         net (fo=0)                   0.000     0.000    SYS_TIMING_EPNT/sysclk_p
    AA4                  IBUFDS (Prop_ibufds_I_O)     0.867     0.867 r  SYS_TIMING_EPNT/sysclk_ibufds_inst/O
                         net (fo=1, routed)           1.004     1.870    SYS_TIMING_EPNT/sysclk_ibuf
    MMCME2_ADV_X1Y1      MMCME2_ADV (Prop_mmcme2_adv_CLKIN1_CLKOUT3)
                                                     -6.667    -4.797 r  SYS_TIMING_EPNT/mmcm0_inst/CLKOUT3
                         net (fo=1, routed)           1.712    -3.085    SYS_TIMING_EPNT/mmcm0_clkout3
    BUFGCTRL_X0Y0        BUFG (Prop_bufg_I_O)         0.077    -3.008 r  SYS_TIMING_EPNT/mmcm0_clk3_inst/O
                         net (fo=2386, routed)        0.112    -2.896    ETH0/ETH_MAC_COM/eth_mac_1g_gmii_fifo_inst/eth_mac_1g_gmii_inst/gmii_phy_if_inst/sys_clk125
    BUFGCTRL_X0Y1        BUFGCTRL (Prop_bufgctrl_I0_O)
                                                      0.077    -2.819 r  ETH0/ETH_MAC_COM/eth_mac_1g_gmii_fifo_inst/eth_mac_1g_gmii_inst/gmii_phy_if_inst/gmii_bufgmux_inst/O
                         net (fo=163, routed)         1.272    -1.547    ETH0/ETH_MAC_COM/eth_mac_1g_gmii_fifo_inst/tx_fifo/fifo_inst/tx_clk
    SLICE_X65Y181        FDRE                                         r  ETH0/ETH_MAC_COM/eth_mac_1g_gmii_fifo_inst/tx_fifo/fifo_inst/rd_ptr_gray_reg_reg[7]/C
  -------------------------------------------------------------------    -------------------
    SLICE_X65Y181        FDRE (Prop_fdre_C_Q)         0.304    -1.243 r  ETH0/ETH_MAC_COM/eth_mac_1g_gmii_fifo_inst/tx_fifo/fifo_inst/rd_ptr_gray_reg_reg[7]/Q
                         net (fo=2, routed)           0.327    -0.916    ETH0/ETH_MAC_COM/eth_mac_1g_gmii_fifo_inst/tx_fifo/fifo_inst/rd_ptr_gray_reg[7]
    SLICE_X68Y182        FDRE                                         r  ETH0/ETH_MAC_COM/eth_mac_1g_gmii_fifo_inst/tx_fifo/fifo_inst/rd_ptr_gray_sync1_reg_reg[7]/D
  -------------------------------------------------------------------    -------------------

                         (clock sclk125 rise edge)    0.000     0.000 r  
    AA4                                               0.000     0.000 r  sysclk_p (IN)
                         net (fo=0)                   0.000     0.000    SYS_TIMING_EPNT/sysclk_p
    AA4                  IBUFDS (Prop_ibufds_I_O)     0.907     0.907 r  SYS_TIMING_EPNT/sysclk_ibufds_inst/O
                         net (fo=1, routed)           1.065     1.972    SYS_TIMING_EPNT/sysclk_ibuf
    MMCME2_ADV_X1Y1      MMCME2_ADV (Prop_mmcme2_adv_CLKIN1_CLKOUT3)
                                                     -6.553    -4.581 r  SYS_TIMING_EPNT/mmcm0_inst/CLKOUT3
                         net (fo=1, routed)           1.797    -2.784    SYS_TIMING_EPNT/mmcm0_clkout3
    BUFGCTRL_X0Y0        BUFG (Prop_bufg_I_O)         0.081    -2.703 r  SYS_TIMING_EPNT/mmcm0_clk3_inst/O
                         net (fo=2386, routed)        1.378    -1.325    ETH0/ETH_MAC_COM/eth_mac_1g_gmii_fifo_inst/tx_fifo/fifo_inst/sys_clk125
    SLICE_X68Y182        FDRE                                         r  ETH0/ETH_MAC_COM/eth_mac_1g_gmii_fifo_inst/tx_fifo/fifo_inst/rd_ptr_gray_sync1_reg_reg[7]/C
                         clock pessimism             -0.305    -1.630    
    SLICE_X68Y182        FDRE (Hold_fdre_C_D)         0.189    -1.441    ETH0/ETH_MAC_COM/eth_mac_1g_gmii_fifo_inst/tx_fifo/fifo_inst/rd_ptr_gray_sync1_reg_reg[7]
  -------------------------------------------------------------------
                         data arrival                          -0.916    
                         clock arrival                         -1.441    
  -------------------------------------------------------------------
                         relative delay                         0.524    



Id: 4
set_bus_skew -from [get_cells -quiet {{ETH0/ETH_MAC_COM/eth_mac_1g_gmii_fifo_inst/tx_fifo/fifo_inst/wr_ptr_reg_reg[*]} {ETH0/ETH_MAC_COM/eth_mac_1g_gmii_fifo_inst/tx_fifo/fifo_inst/wr_ptr_gray_reg_reg[*]} {ETH0/ETH_MAC_COM/eth_mac_1g_gmii_fifo_inst/tx_fifo/fifo_inst/wr_ptr_sync_gray_reg_reg[*]}}] -to [get_cells {ETH0/ETH_MAC_COM/eth_mac_1g_gmii_fifo_inst/tx_fifo/fifo_inst/wr_ptr_gray_sync1_reg_reg[*]}] 8.000
Requirement: 8.000ns
Endpoints: 14

From Clock            To Clock              Endpoint Pin                    Reference Pin                   Corner  Actual(ns)  Slack(ns)
--------------------  --------------------  ------------------------------  ------------------------------  ------  ----------  ---------
sclk125               sclk125               ETH0/ETH_MAC_COM/eth_mac_1g_gmii_fifo_inst/tx_fifo/fifo_inst/wr_ptr_gray_sync1_reg_reg[13]/D
                                                                            ETH0/ETH_MAC_COM/eth_mac_1g_gmii_fifo_inst/tx_fifo/fifo_inst/wr_ptr_gray_sync1_reg_reg[8]/D
                                                                                                            Slow         1.027      6.973


Slack (MET) :             6.973ns  (requirement - actual skew)
  Endpoint Source:        ETH0/ETH_MAC_COM/eth_mac_1g_gmii_fifo_inst/tx_fifo/fifo_inst/wr_ptr_sync_gray_reg_reg[13]/C
                            (rising edge-triggered cell FDRE clocked by sclk125)
  Endpoint Destination:   ETH0/ETH_MAC_COM/eth_mac_1g_gmii_fifo_inst/tx_fifo/fifo_inst/wr_ptr_gray_sync1_reg_reg[13]/D
                            (rising edge-triggered cell FDRE clocked by sclk125)
  Reference Source:       ETH0/ETH_MAC_COM/eth_mac_1g_gmii_fifo_inst/tx_fifo/fifo_inst/wr_ptr_sync_gray_reg_reg[8]/C
                            (rising edge-triggered cell FDRE clocked by sclk125)
  Reference Destination:  ETH0/ETH_MAC_COM/eth_mac_1g_gmii_fifo_inst/tx_fifo/fifo_inst/wr_ptr_gray_sync1_reg_reg[8]/D
                            (rising edge-triggered cell FDRE clocked by sclk125)
  Path Type:              Bus Skew (Max at Slow Process Corner)
  Requirement:            8.000ns
  Endpoint Relative Delay:    1.323ns
  Reference Relative Delay:   0.121ns
  Relative CRPR:              0.175ns
  Actual Bus Skew:            1.027ns  (Endpoint Relative Delay - Reference Relative Delay - Relative CRPR)

Endpoint path:
    Location             Delay type                Incr(ns)  Path(ns)    Netlist Resource(s)
  -------------------------------------------------------------------    -------------------
                         (clock sclk125 rise edge)    0.000     0.000 r  
    AA4                                               0.000     0.000 r  sysclk_p (IN)
                         net (fo=0)                   0.000     0.000    SYS_TIMING_EPNT/sysclk_p
    AA4                  IBUFDS (Prop_ibufds_I_O)     0.907     0.907 r  SYS_TIMING_EPNT/sysclk_ibufds_inst/O
                         net (fo=1, routed)           1.065     1.972    SYS_TIMING_EPNT/sysclk_ibuf
    MMCME2_ADV_X1Y1      MMCME2_ADV (Prop_mmcme2_adv_CLKIN1_CLKOUT3)
                                                     -6.553    -4.581 r  SYS_TIMING_EPNT/mmcm0_inst/CLKOUT3
                         net (fo=1, routed)           1.797    -2.784    SYS_TIMING_EPNT/mmcm0_clkout3
    BUFGCTRL_X0Y0        BUFG (Prop_bufg_I_O)         0.081    -2.703 r  SYS_TIMING_EPNT/mmcm0_clk3_inst/O
                         net (fo=2386, routed)        1.379    -1.324    ETH0/ETH_MAC_COM/eth_mac_1g_gmii_fifo_inst/tx_fifo/fifo_inst/sys_clk125
    SLICE_X70Y184        FDRE                                         r  ETH0/ETH_MAC_COM/eth_mac_1g_gmii_fifo_inst/tx_fifo/fifo_inst/wr_ptr_sync_gray_reg_reg[13]/C
  -------------------------------------------------------------------    -------------------
    SLICE_X70Y184        FDRE (Prop_fdre_C_Q)         0.433    -0.891 r  ETH0/ETH_MAC_COM/eth_mac_1g_gmii_fifo_inst/tx_fifo/fifo_inst/wr_ptr_sync_gray_reg_reg[13]/Q
                         net (fo=1, routed)           0.906     0.015    ETH0/ETH_MAC_COM/eth_mac_1g_gmii_fifo_inst/tx_fifo/fifo_inst/wr_ptr_sync_gray_reg[13]
    SLICE_X69Y185        FDRE                                         r  ETH0/ETH_MAC_COM/eth_mac_1g_gmii_fifo_inst/tx_fifo/fifo_inst/wr_ptr_gray_sync1_reg_reg[13]/D
  -------------------------------------------------------------------    -------------------

                         (clock sclk125 rise edge)    0.000     0.000 r  
    AA4                                               0.000     0.000 r  sysclk_p (IN)
                         net (fo=0)                   0.000     0.000    SYS_TIMING_EPNT/sysclk_p
    AA4                  IBUFDS (Prop_ibufds_I_O)     0.867     0.867 r  SYS_TIMING_EPNT/sysclk_ibufds_inst/O
                         net (fo=1, routed)           1.004     1.870    SYS_TIMING_EPNT/sysclk_ibuf
    MMCME2_ADV_X1Y1      MMCME2_ADV (Prop_mmcme2_adv_CLKIN1_CLKOUT3)
                                                     -6.667    -4.797 r  SYS_TIMING_EPNT/mmcm0_inst/CLKOUT3
                         net (fo=1, routed)           1.712    -3.085    SYS_TIMING_EPNT/mmcm0_clkout3
    BUFGCTRL_X0Y0        BUFG (Prop_bufg_I_O)         0.077    -3.008 r  SYS_TIMING_EPNT/mmcm0_clk3_inst/O
                         net (fo=2386, routed)        0.112    -2.896    ETH0/ETH_MAC_COM/eth_mac_1g_gmii_fifo_inst/eth_mac_1g_gmii_inst/gmii_phy_if_inst/sys_clk125
    BUFGCTRL_X0Y1        BUFGCTRL (Prop_bufgctrl_I0_O)
                                                      0.077    -2.819 r  ETH0/ETH_MAC_COM/eth_mac_1g_gmii_fifo_inst/eth_mac_1g_gmii_inst/gmii_phy_if_inst/gmii_bufgmux_inst/O
                         net (fo=163, routed)         1.273    -1.546    ETH0/ETH_MAC_COM/eth_mac_1g_gmii_fifo_inst/tx_fifo/fifo_inst/tx_clk
    SLICE_X69Y185        FDRE                                         r  ETH0/ETH_MAC_COM/eth_mac_1g_gmii_fifo_inst/tx_fifo/fifo_inst/wr_ptr_gray_sync1_reg_reg[13]/C
                         clock pessimism              0.305    -1.241    
    SLICE_X69Y185        FDRE (Setup_fdre_C_D)       -0.067    -1.308    ETH0/ETH_MAC_COM/eth_mac_1g_gmii_fifo_inst/tx_fifo/fifo_inst/wr_ptr_gray_sync1_reg_reg[13]
  -------------------------------------------------------------------
                         data arrival                           0.015    
                         clock arrival                         -1.308    
  -------------------------------------------------------------------
                         relative delay                         1.323    

Reference path:
    Location             Delay type                Incr(ns)  Path(ns)    Netlist Resource(s)
  -------------------------------------------------------------------    -------------------
                         (clock sclk125 rise edge)    0.000     0.000 r  
    AA4                                               0.000     0.000 r  sysclk_p (IN)
                         net (fo=0)                   0.000     0.000    SYS_TIMING_EPNT/sysclk_p
    AA4                  IBUFDS (Prop_ibufds_I_O)     0.867     0.867 r  SYS_TIMING_EPNT/sysclk_ibufds_inst/O
                         net (fo=1, routed)           1.004     1.870    SYS_TIMING_EPNT/sysclk_ibuf
    MMCME2_ADV_X1Y1      MMCME2_ADV (Prop_mmcme2_adv_CLKIN1_CLKOUT3)
                                                     -6.667    -4.797 r  SYS_TIMING_EPNT/mmcm0_inst/CLKOUT3
                         net (fo=1, routed)           1.712    -3.085    SYS_TIMING_EPNT/mmcm0_clkout3
    BUFGCTRL_X0Y0        BUFG (Prop_bufg_I_O)         0.077    -3.008 r  SYS_TIMING_EPNT/mmcm0_clk3_inst/O
                         net (fo=2386, routed)        1.270    -1.738    ETH0/ETH_MAC_COM/eth_mac_1g_gmii_fifo_inst/tx_fifo/fifo_inst/sys_clk125
    SLICE_X73Y184        FDRE                                         r  ETH0/ETH_MAC_COM/eth_mac_1g_gmii_fifo_inst/tx_fifo/fifo_inst/wr_ptr_sync_gray_reg_reg[8]/C
  -------------------------------------------------------------------    -------------------
    SLICE_X73Y184        FDRE (Prop_fdre_C_Q)         0.304    -1.434 r  ETH0/ETH_MAC_COM/eth_mac_1g_gmii_fifo_inst/tx_fifo/fifo_inst/wr_ptr_sync_gray_reg_reg[8]/Q
                         net (fo=1, routed)           0.321    -1.112    ETH0/ETH_MAC_COM/eth_mac_1g_gmii_fifo_inst/tx_fifo/fifo_inst/wr_ptr_sync_gray_reg[8]
    SLICE_X68Y184        FDRE                                         r  ETH0/ETH_MAC_COM/eth_mac_1g_gmii_fifo_inst/tx_fifo/fifo_inst/wr_ptr_gray_sync1_reg_reg[8]/D
  -------------------------------------------------------------------    -------------------

                         (clock sclk125 rise edge)    0.000     0.000 r  
    AA4                                               0.000     0.000 r  sysclk_p (IN)
                         net (fo=0)                   0.000     0.000    SYS_TIMING_EPNT/sysclk_p
    AA4                  IBUFDS (Prop_ibufds_I_O)     0.907     0.907 r  SYS_TIMING_EPNT/sysclk_ibufds_inst/O
                         net (fo=1, routed)           1.065     1.972    SYS_TIMING_EPNT/sysclk_ibuf
    MMCME2_ADV_X1Y1      MMCME2_ADV (Prop_mmcme2_adv_CLKIN1_CLKOUT3)
                                                     -6.553    -4.581 r  SYS_TIMING_EPNT/mmcm0_inst/CLKOUT3
                         net (fo=1, routed)           1.797    -2.784    SYS_TIMING_EPNT/mmcm0_clkout3
    BUFGCTRL_X0Y0        BUFG (Prop_bufg_I_O)         0.081    -2.703 r  SYS_TIMING_EPNT/mmcm0_clk3_inst/O
                         net (fo=2386, routed)        0.118    -2.585    ETH0/ETH_MAC_COM/eth_mac_1g_gmii_fifo_inst/eth_mac_1g_gmii_inst/gmii_phy_if_inst/sys_clk125
    BUFGCTRL_X0Y1        BUFGCTRL (Prop_bufgctrl_I0_O)
                                                      0.081    -2.504 r  ETH0/ETH_MAC_COM/eth_mac_1g_gmii_fifo_inst/eth_mac_1g_gmii_inst/gmii_phy_if_inst/gmii_bufgmux_inst/O
                         net (fo=163, routed)         1.380    -1.124    ETH0/ETH_MAC_COM/eth_mac_1g_gmii_fifo_inst/tx_fifo/fifo_inst/tx_clk
    SLICE_X68Y184        FDRE                                         r  ETH0/ETH_MAC_COM/eth_mac_1g_gmii_fifo_inst/tx_fifo/fifo_inst/wr_ptr_gray_sync1_reg_reg[8]/C
                         clock pessimism             -0.305    -1.429    
    SLICE_X68Y184        FDRE (Hold_fdre_C_D)         0.195    -1.234    ETH0/ETH_MAC_COM/eth_mac_1g_gmii_fifo_inst/tx_fifo/fifo_inst/wr_ptr_gray_sync1_reg_reg[8]
  -------------------------------------------------------------------
                         data arrival                          -1.112    
                         clock arrival                         -1.234    
  -------------------------------------------------------------------
                         relative delay                         0.121    



