Copyright 1986-2022 Xilinx, Inc. All Rights Reserved. Copyright 2022-2023 Advanced Micro Devices, Inc. All Rights Reserved.
------------------------------------------------------------------------------------------------------------------------------------------------------
| Tool Version : Vivado v.2023.1 (win64) Build 3865809 Sun May  7 15:05:29 MDT 2023
| Date         : Fri Nov 17 08:22:10 2023
| Host         : danielA running 64-bit major release  (build 9200)
| Command      : report_bus_skew -warn_on_violation -file daphne1_bus_skew_routed.rpt -pb daphne1_bus_skew_routed.pb -rpx daphne1_bus_skew_routed.rpx
| Design       : daphne1
| Device       : 7a200t-fbg676
| Speed File   : -2  PRODUCTION 1.23 2018-06-13
| Design State : Routed
------------------------------------------------------------------------------------------------------------------------------------------------------

Bus Skew Report

Table of Contents
-----------------
1. Bus Skew Report Summary
2. Bus Skew Report Per Constraint

1. Bus Skew Report Summary
--------------------------

Id  Position  From                            To                              Corner  Requirement(ns)  Actual(ns)  Slack(ns)
--  --------  ------------------------------  ------------------------------  ------  ---------------  ----------  ---------
1   69        [get_cells {{ETH_MOD/ETH_MAC_UDP_STACK_COM/eth_mac_inst/rx_fifo/fifo_inst/rd_ptr_reg_reg[*]} {ETH_MOD/ETH_MAC_UDP_STACK_COM/eth_mac_inst/rx_fifo/fifo_inst/rd_ptr_gray_reg_reg[*]}}]
                                              [get_cells {ETH_MOD/ETH_MAC_UDP_STACK_COM/eth_mac_inst/rx_fifo/fifo_inst/rd_ptr_gray_sync1_reg_reg[*]}]
                                                                              NA                8.000          NA         NA
2   71        [get_cells -quiet {ETH_MOD/ETH_MAC_UDP_STACK_COM/eth_mac_inst/rx_fifo/fifo_inst/wr_ptr_sync_commit_reg_reg[*]}]
                                              [get_cells {ETH_MOD/ETH_MAC_UDP_STACK_COM/eth_mac_inst/rx_fifo/fifo_inst/wr_ptr_commit_sync_reg_reg[*]}]
                                                                              NA                8.000          NA         NA
3   77        [get_cells {{ETH_MOD/ETH_MAC_UDP_STACK_COM/eth_mac_inst/tx_fifo/fifo_inst/rd_ptr_reg_reg[*]} {ETH_MOD/ETH_MAC_UDP_STACK_COM/eth_mac_inst/tx_fifo/fifo_inst/rd_ptr_gray_reg_reg[*]}}]
                                              [get_cells {ETH_MOD/ETH_MAC_UDP_STACK_COM/eth_mac_inst/tx_fifo/fifo_inst/rd_ptr_gray_sync1_reg_reg[*]}]
                                                                              Slow              8.000       0.814      7.186
4   79        [get_cells -quiet {ETH_MOD/ETH_MAC_UDP_STACK_COM/eth_mac_inst/tx_fifo/fifo_inst/wr_ptr_sync_commit_reg_reg[*]}]
                                              [get_cells {ETH_MOD/ETH_MAC_UDP_STACK_COM/eth_mac_inst/tx_fifo/fifo_inst/wr_ptr_commit_sync_reg_reg[*]}]
                                                                              Slow              8.000       0.948      7.052


2. Bus Skew Report Per Constraint
---------------------------------

Id: 1
set_bus_skew -from [get_cells {{ETH_MOD/ETH_MAC_UDP_STACK_COM/eth_mac_inst/rx_fifo/fifo_inst/rd_ptr_reg_reg[*]} {ETH_MOD/ETH_MAC_UDP_STACK_COM/eth_mac_inst/rx_fifo/fifo_inst/rd_ptr_gray_reg_reg[*]}}] -to [get_cells {ETH_MOD/ETH_MAC_UDP_STACK_COM/eth_mac_inst/rx_fifo/fifo_inst/rd_ptr_gray_sync1_reg_reg[*]}] 8.000
Requirement: 8.000ns
Endpoints: 0
No bus skew paths found.


Id: 2
set_bus_skew -from [get_cells -quiet {ETH_MOD/ETH_MAC_UDP_STACK_COM/eth_mac_inst/rx_fifo/fifo_inst/wr_ptr_sync_commit_reg_reg[*]}] -to [get_cells {ETH_MOD/ETH_MAC_UDP_STACK_COM/eth_mac_inst/rx_fifo/fifo_inst/wr_ptr_commit_sync_reg_reg[*]}] 8.000
Requirement: 8.000ns
Endpoints: 0
No bus skew paths found.


Id: 3
set_bus_skew -from [get_cells {{ETH_MOD/ETH_MAC_UDP_STACK_COM/eth_mac_inst/tx_fifo/fifo_inst/rd_ptr_reg_reg[*]} {ETH_MOD/ETH_MAC_UDP_STACK_COM/eth_mac_inst/tx_fifo/fifo_inst/rd_ptr_gray_reg_reg[*]}}] -to [get_cells {ETH_MOD/ETH_MAC_UDP_STACK_COM/eth_mac_inst/tx_fifo/fifo_inst/rd_ptr_gray_sync1_reg_reg[*]}] 8.000
Requirement: 8.000ns
Endpoints: 14

From Clock            To Clock              Endpoint Pin                    Reference Pin                   Corner  Actual(ns)  Slack(ns)
--------------------  --------------------  ------------------------------  ------------------------------  ------  ----------  ---------
sclk125               sclk125               ETH_MOD/ETH_MAC_UDP_STACK_COM/eth_mac_inst/tx_fifo/fifo_inst/rd_ptr_gray_sync1_reg_reg[13]/D
                                                                            ETH_MOD/ETH_MAC_UDP_STACK_COM/eth_mac_inst/tx_fifo/fifo_inst/rd_ptr_gray_sync1_reg_reg[7]/D
                                                                                                            Slow         0.814      7.186


Slack (MET) :             7.186ns  (requirement - actual skew)
  Endpoint Source:        ETH_MOD/ETH_MAC_UDP_STACK_COM/eth_mac_inst/tx_fifo/fifo_inst/rd_ptr_gray_reg_reg[13]/C
                            (rising edge-triggered cell FDRE clocked by sclk125)
  Endpoint Destination:   ETH_MOD/ETH_MAC_UDP_STACK_COM/eth_mac_inst/tx_fifo/fifo_inst/rd_ptr_gray_sync1_reg_reg[13]/D
                            (rising edge-triggered cell FDRE clocked by sclk125)
  Reference Source:       ETH_MOD/ETH_MAC_UDP_STACK_COM/eth_mac_inst/tx_fifo/fifo_inst/rd_ptr_gray_reg_reg[7]/C
                            (rising edge-triggered cell FDRE clocked by sclk125)
  Reference Destination:  ETH_MOD/ETH_MAC_UDP_STACK_COM/eth_mac_inst/tx_fifo/fifo_inst/rd_ptr_gray_sync1_reg_reg[7]/D
                            (rising edge-triggered cell FDRE clocked by sclk125)
  Path Type:              Bus Skew (Max at Slow Process Corner)
  Requirement:            8.000ns
  Endpoint Relative Delay:    1.569ns
  Reference Relative Delay:   0.596ns
  Relative CRPR:              0.158ns
  Actual Bus Skew:            0.814ns  (Endpoint Relative Delay - Reference Relative Delay - Relative CRPR)

Endpoint path:
    Location             Delay type                Incr(ns)  Path(ns)    Netlist Resource(s)
  -------------------------------------------------------------------    -------------------
                         (clock sclk125 rise edge)    0.000     0.000 r  
    AA4                                               0.000     0.000 r  sysclk_p (IN)
                         net (fo=0)                   0.000     0.000    SYS_TIMING_ENPT/sysclk_p
    AA4                  IBUFDS (Prop_ibufds_I_O)     0.907     0.907 r  SYS_TIMING_ENPT/sysclk_ibufds_inst/O
                         net (fo=1, routed)           1.065     1.972    SYS_TIMING_ENPT/sysclk_ibuf
    MMCME2_ADV_X1Y1      MMCME2_ADV (Prop_mmcme2_adv_CLKIN1_CLKOUT3)
                                                     -6.553    -4.581 r  SYS_TIMING_ENPT/mmcm0_inst/CLKOUT3
                         net (fo=1, routed)           1.797    -2.784    SYS_TIMING_ENPT/mmcm0_clkout3
    BUFGCTRL_X0Y0        BUFG (Prop_bufg_I_O)         0.081    -2.703 r  SYS_TIMING_ENPT/mmcm0_clk3_inst/O
                         net (fo=2469, routed)        0.118    -2.585    ETH_MOD/ETH_MAC_UDP_STACK_COM/eth_mac_inst/eth_mac_1g_gmii_inst/gmii_phy_if_inst/sys_clk125
    BUFGCTRL_X0Y1        BUFGCTRL (Prop_bufgctrl_I0_O)
                                                      0.081    -2.504 r  ETH_MOD/ETH_MAC_UDP_STACK_COM/eth_mac_inst/eth_mac_1g_gmii_inst/gmii_phy_if_inst/gmii_bufgmux_inst/O
                         net (fo=163, routed)         1.392    -1.112    ETH_MOD/ETH_MAC_UDP_STACK_COM/eth_mac_inst/tx_fifo/fifo_inst/tx_clk
    SLICE_X63Y195        FDRE                                         r  ETH_MOD/ETH_MAC_UDP_STACK_COM/eth_mac_inst/tx_fifo/fifo_inst/rd_ptr_gray_reg_reg[13]/C
  -------------------------------------------------------------------    -------------------
    SLICE_X63Y195        FDRE (Prop_fdre_C_Q)         0.379    -0.733 r  ETH_MOD/ETH_MAC_UDP_STACK_COM/eth_mac_inst/tx_fifo/fifo_inst/rd_ptr_gray_reg_reg[13]/Q
                         net (fo=1, routed)           0.803     0.070    ETH_MOD/ETH_MAC_UDP_STACK_COM/eth_mac_inst/tx_fifo/fifo_inst/rd_ptr_gray_reg[13]
    SLICE_X67Y194        FDRE                                         r  ETH_MOD/ETH_MAC_UDP_STACK_COM/eth_mac_inst/tx_fifo/fifo_inst/rd_ptr_gray_sync1_reg_reg[13]/D
  -------------------------------------------------------------------    -------------------

                         (clock sclk125 rise edge)    0.000     0.000 r  
    AA4                                               0.000     0.000 r  sysclk_p (IN)
                         net (fo=0)                   0.000     0.000    SYS_TIMING_ENPT/sysclk_p
    AA4                  IBUFDS (Prop_ibufds_I_O)     0.867     0.867 r  SYS_TIMING_ENPT/sysclk_ibufds_inst/O
                         net (fo=1, routed)           1.004     1.870    SYS_TIMING_ENPT/sysclk_ibuf
    MMCME2_ADV_X1Y1      MMCME2_ADV (Prop_mmcme2_adv_CLKIN1_CLKOUT3)
                                                     -6.667    -4.797 r  SYS_TIMING_ENPT/mmcm0_inst/CLKOUT3
                         net (fo=1, routed)           1.712    -3.085    SYS_TIMING_ENPT/mmcm0_clkout3
    BUFGCTRL_X0Y0        BUFG (Prop_bufg_I_O)         0.077    -3.008 r  SYS_TIMING_ENPT/mmcm0_clk3_inst/O
                         net (fo=2469, routed)        1.278    -1.730    ETH_MOD/ETH_MAC_UDP_STACK_COM/eth_mac_inst/tx_fifo/fifo_inst/sys_clk125
    SLICE_X67Y194        FDRE                                         r  ETH_MOD/ETH_MAC_UDP_STACK_COM/eth_mac_inst/tx_fifo/fifo_inst/rd_ptr_gray_sync1_reg_reg[13]/C
                         clock pessimism              0.305    -1.425    
    SLICE_X67Y194        FDRE (Setup_fdre_C_D)       -0.074    -1.499    ETH_MOD/ETH_MAC_UDP_STACK_COM/eth_mac_inst/tx_fifo/fifo_inst/rd_ptr_gray_sync1_reg_reg[13]
  -------------------------------------------------------------------
                         data arrival                           0.070    
                         clock arrival                         -1.499    
  -------------------------------------------------------------------
                         relative delay                         1.569    

Reference path:
    Location             Delay type                Incr(ns)  Path(ns)    Netlist Resource(s)
  -------------------------------------------------------------------    -------------------
                         (clock sclk125 rise edge)    0.000     0.000 r  
    AA4                                               0.000     0.000 r  sysclk_p (IN)
                         net (fo=0)                   0.000     0.000    SYS_TIMING_ENPT/sysclk_p
    AA4                  IBUFDS (Prop_ibufds_I_O)     0.867     0.867 r  SYS_TIMING_ENPT/sysclk_ibufds_inst/O
                         net (fo=1, routed)           1.004     1.870    SYS_TIMING_ENPT/sysclk_ibuf
    MMCME2_ADV_X1Y1      MMCME2_ADV (Prop_mmcme2_adv_CLKIN1_CLKOUT3)
                                                     -6.667    -4.797 r  SYS_TIMING_ENPT/mmcm0_inst/CLKOUT3
                         net (fo=1, routed)           1.712    -3.085    SYS_TIMING_ENPT/mmcm0_clkout3
    BUFGCTRL_X0Y0        BUFG (Prop_bufg_I_O)         0.077    -3.008 r  SYS_TIMING_ENPT/mmcm0_clk3_inst/O
                         net (fo=2469, routed)        0.112    -2.896    ETH_MOD/ETH_MAC_UDP_STACK_COM/eth_mac_inst/eth_mac_1g_gmii_inst/gmii_phy_if_inst/sys_clk125
    BUFGCTRL_X0Y1        BUFGCTRL (Prop_bufgctrl_I0_O)
                                                      0.077    -2.819 r  ETH_MOD/ETH_MAC_UDP_STACK_COM/eth_mac_inst/eth_mac_1g_gmii_inst/gmii_phy_if_inst/gmii_bufgmux_inst/O
                         net (fo=163, routed)         1.280    -1.539    ETH_MOD/ETH_MAC_UDP_STACK_COM/eth_mac_inst/tx_fifo/fifo_inst/tx_clk
    SLICE_X64Y193        FDRE                                         r  ETH_MOD/ETH_MAC_UDP_STACK_COM/eth_mac_inst/tx_fifo/fifo_inst/rd_ptr_gray_reg_reg[7]/C
  -------------------------------------------------------------------    -------------------
    SLICE_X64Y193        FDRE (Prop_fdre_C_Q)         0.347    -1.192 r  ETH_MOD/ETH_MAC_UDP_STACK_COM/eth_mac_inst/tx_fifo/fifo_inst/rd_ptr_gray_reg_reg[7]/Q
                         net (fo=1, routed)           0.306    -0.885    ETH_MOD/ETH_MAC_UDP_STACK_COM/eth_mac_inst/tx_fifo/fifo_inst/rd_ptr_gray_reg[7]
    SLICE_X67Y193        FDRE                                         r  ETH_MOD/ETH_MAC_UDP_STACK_COM/eth_mac_inst/tx_fifo/fifo_inst/rd_ptr_gray_sync1_reg_reg[7]/D
  -------------------------------------------------------------------    -------------------

                         (clock sclk125 rise edge)    0.000     0.000 r  
    AA4                                               0.000     0.000 r  sysclk_p (IN)
                         net (fo=0)                   0.000     0.000    SYS_TIMING_ENPT/sysclk_p
    AA4                  IBUFDS (Prop_ibufds_I_O)     0.907     0.907 r  SYS_TIMING_ENPT/sysclk_ibufds_inst/O
                         net (fo=1, routed)           1.065     1.972    SYS_TIMING_ENPT/sysclk_ibuf
    MMCME2_ADV_X1Y1      MMCME2_ADV (Prop_mmcme2_adv_CLKIN1_CLKOUT3)
                                                     -6.553    -4.581 r  SYS_TIMING_ENPT/mmcm0_inst/CLKOUT3
                         net (fo=1, routed)           1.797    -2.784    SYS_TIMING_ENPT/mmcm0_clkout3
    BUFGCTRL_X0Y0        BUFG (Prop_bufg_I_O)         0.081    -2.703 r  SYS_TIMING_ENPT/mmcm0_clk3_inst/O
                         net (fo=2469, routed)        1.387    -1.316    ETH_MOD/ETH_MAC_UDP_STACK_COM/eth_mac_inst/tx_fifo/fifo_inst/sys_clk125
    SLICE_X67Y193        FDRE                                         r  ETH_MOD/ETH_MAC_UDP_STACK_COM/eth_mac_inst/tx_fifo/fifo_inst/rd_ptr_gray_sync1_reg_reg[7]/C
                         clock pessimism             -0.305    -1.621    
    SLICE_X67Y193        FDRE (Hold_fdre_C_D)         0.139    -1.482    ETH_MOD/ETH_MAC_UDP_STACK_COM/eth_mac_inst/tx_fifo/fifo_inst/rd_ptr_gray_sync1_reg_reg[7]
  -------------------------------------------------------------------
                         data arrival                          -0.885    
                         clock arrival                         -1.482    
  -------------------------------------------------------------------
                         relative delay                         0.596    



Id: 4
set_bus_skew -from [get_cells -quiet {ETH_MOD/ETH_MAC_UDP_STACK_COM/eth_mac_inst/tx_fifo/fifo_inst/wr_ptr_sync_commit_reg_reg[*]}] -to [get_cells {ETH_MOD/ETH_MAC_UDP_STACK_COM/eth_mac_inst/tx_fifo/fifo_inst/wr_ptr_commit_sync_reg_reg[*]}] 8.000
Requirement: 8.000ns
Endpoints: 14

From Clock            To Clock              Endpoint Pin                    Reference Pin                   Corner  Actual(ns)  Slack(ns)
--------------------  --------------------  ------------------------------  ------------------------------  ------  ----------  ---------
sclk125               sclk125               ETH_MOD/ETH_MAC_UDP_STACK_COM/eth_mac_inst/tx_fifo/fifo_inst/wr_ptr_commit_sync_reg_reg[10]/D
                                                                            ETH_MOD/ETH_MAC_UDP_STACK_COM/eth_mac_inst/tx_fifo/fifo_inst/wr_ptr_commit_sync_reg_reg[4]/D
                                                                                                            Slow         0.948      7.052


Slack (MET) :             7.052ns  (requirement - actual skew)
  Endpoint Source:        ETH_MOD/ETH_MAC_UDP_STACK_COM/eth_mac_inst/tx_fifo/fifo_inst/wr_ptr_sync_commit_reg_reg[10]/C
                            (rising edge-triggered cell FDRE clocked by sclk125)
  Endpoint Destination:   ETH_MOD/ETH_MAC_UDP_STACK_COM/eth_mac_inst/tx_fifo/fifo_inst/wr_ptr_commit_sync_reg_reg[10]/D
                            (rising edge-triggered cell FDRE clocked by sclk125)
  Reference Source:       ETH_MOD/ETH_MAC_UDP_STACK_COM/eth_mac_inst/tx_fifo/fifo_inst/wr_ptr_sync_commit_reg_reg[4]/C
                            (rising edge-triggered cell FDRE clocked by sclk125)
  Reference Destination:  ETH_MOD/ETH_MAC_UDP_STACK_COM/eth_mac_inst/tx_fifo/fifo_inst/wr_ptr_commit_sync_reg_reg[4]/D
                            (rising edge-triggered cell FDRE clocked by sclk125)
  Path Type:              Bus Skew (Max at Slow Process Corner)
  Requirement:            8.000ns
  Endpoint Relative Delay:    1.239ns
  Reference Relative Delay:   0.104ns
  Relative CRPR:              0.186ns
  Actual Bus Skew:            0.948ns  (Endpoint Relative Delay - Reference Relative Delay - Relative CRPR)

Endpoint path:
    Location             Delay type                Incr(ns)  Path(ns)    Netlist Resource(s)
  -------------------------------------------------------------------    -------------------
                         (clock sclk125 rise edge)    0.000     0.000 r  
    AA4                                               0.000     0.000 r  sysclk_p (IN)
                         net (fo=0)                   0.000     0.000    SYS_TIMING_ENPT/sysclk_p
    AA4                  IBUFDS (Prop_ibufds_I_O)     0.907     0.907 r  SYS_TIMING_ENPT/sysclk_ibufds_inst/O
                         net (fo=1, routed)           1.065     1.972    SYS_TIMING_ENPT/sysclk_ibuf
    MMCME2_ADV_X1Y1      MMCME2_ADV (Prop_mmcme2_adv_CLKIN1_CLKOUT3)
                                                     -6.553    -4.581 r  SYS_TIMING_ENPT/mmcm0_inst/CLKOUT3
                         net (fo=1, routed)           1.797    -2.784    SYS_TIMING_ENPT/mmcm0_clkout3
    BUFGCTRL_X0Y0        BUFG (Prop_bufg_I_O)         0.081    -2.703 r  SYS_TIMING_ENPT/mmcm0_clk3_inst/O
                         net (fo=2469, routed)        1.388    -1.315    ETH_MOD/ETH_MAC_UDP_STACK_COM/eth_mac_inst/tx_fifo/fifo_inst/sys_clk125
    SLICE_X69Y195        FDRE                                         r  ETH_MOD/ETH_MAC_UDP_STACK_COM/eth_mac_inst/tx_fifo/fifo_inst/wr_ptr_sync_commit_reg_reg[10]/C
  -------------------------------------------------------------------    -------------------
    SLICE_X69Y195        FDRE (Prop_fdre_C_Q)         0.379    -0.936 r  ETH_MOD/ETH_MAC_UDP_STACK_COM/eth_mac_inst/tx_fifo/fifo_inst/wr_ptr_sync_commit_reg_reg[10]/Q
                         net (fo=1, routed)           0.910    -0.026    ETH_MOD/ETH_MAC_UDP_STACK_COM/eth_mac_inst/tx_fifo/fifo_inst/wr_ptr_sync_commit_reg[10]
    SLICE_X64Y195        FDRE                                         r  ETH_MOD/ETH_MAC_UDP_STACK_COM/eth_mac_inst/tx_fifo/fifo_inst/wr_ptr_commit_sync_reg_reg[10]/D
  -------------------------------------------------------------------    -------------------

                         (clock sclk125 rise edge)    0.000     0.000 r  
    AA4                                               0.000     0.000 r  sysclk_p (IN)
                         net (fo=0)                   0.000     0.000    SYS_TIMING_ENPT/sysclk_p
    AA4                  IBUFDS (Prop_ibufds_I_O)     0.867     0.867 r  SYS_TIMING_ENPT/sysclk_ibufds_inst/O
                         net (fo=1, routed)           1.004     1.870    SYS_TIMING_ENPT/sysclk_ibuf
    MMCME2_ADV_X1Y1      MMCME2_ADV (Prop_mmcme2_adv_CLKIN1_CLKOUT3)
                                                     -6.667    -4.797 r  SYS_TIMING_ENPT/mmcm0_inst/CLKOUT3
                         net (fo=1, routed)           1.712    -3.085    SYS_TIMING_ENPT/mmcm0_clkout3
    BUFGCTRL_X0Y0        BUFG (Prop_bufg_I_O)         0.077    -3.008 r  SYS_TIMING_ENPT/mmcm0_clk3_inst/O
                         net (fo=2469, routed)        0.112    -2.896    ETH_MOD/ETH_MAC_UDP_STACK_COM/eth_mac_inst/eth_mac_1g_gmii_inst/gmii_phy_if_inst/sys_clk125
    BUFGCTRL_X0Y1        BUFGCTRL (Prop_bufgctrl_I0_O)
                                                      0.077    -2.819 r  ETH_MOD/ETH_MAC_UDP_STACK_COM/eth_mac_inst/eth_mac_1g_gmii_inst/gmii_phy_if_inst/gmii_bufgmux_inst/O
                         net (fo=163, routed)         1.280    -1.539    ETH_MOD/ETH_MAC_UDP_STACK_COM/eth_mac_inst/tx_fifo/fifo_inst/tx_clk
    SLICE_X64Y195        FDRE                                         r  ETH_MOD/ETH_MAC_UDP_STACK_COM/eth_mac_inst/tx_fifo/fifo_inst/wr_ptr_commit_sync_reg_reg[10]/C
                         clock pessimism              0.305    -1.234    
    SLICE_X64Y195        FDRE (Setup_fdre_C_D)       -0.031    -1.265    ETH_MOD/ETH_MAC_UDP_STACK_COM/eth_mac_inst/tx_fifo/fifo_inst/wr_ptr_commit_sync_reg_reg[10]
  -------------------------------------------------------------------
                         data arrival                          -0.026    
                         clock arrival                         -1.265    
  -------------------------------------------------------------------
                         relative delay                         1.239    

Reference path:
    Location             Delay type                Incr(ns)  Path(ns)    Netlist Resource(s)
  -------------------------------------------------------------------    -------------------
                         (clock sclk125 rise edge)    0.000     0.000 r  
    AA4                                               0.000     0.000 r  sysclk_p (IN)
                         net (fo=0)                   0.000     0.000    SYS_TIMING_ENPT/sysclk_p
    AA4                  IBUFDS (Prop_ibufds_I_O)     0.867     0.867 r  SYS_TIMING_ENPT/sysclk_ibufds_inst/O
                         net (fo=1, routed)           1.004     1.870    SYS_TIMING_ENPT/sysclk_ibuf
    MMCME2_ADV_X1Y1      MMCME2_ADV (Prop_mmcme2_adv_CLKIN1_CLKOUT3)
                                                     -6.667    -4.797 r  SYS_TIMING_ENPT/mmcm0_inst/CLKOUT3
                         net (fo=1, routed)           1.712    -3.085    SYS_TIMING_ENPT/mmcm0_clkout3
    BUFGCTRL_X0Y0        BUFG (Prop_bufg_I_O)         0.077    -3.008 r  SYS_TIMING_ENPT/mmcm0_clk3_inst/O
                         net (fo=2469, routed)        1.278    -1.730    ETH_MOD/ETH_MAC_UDP_STACK_COM/eth_mac_inst/tx_fifo/fifo_inst/sys_clk125
    SLICE_X69Y195        FDRE                                         r  ETH_MOD/ETH_MAC_UDP_STACK_COM/eth_mac_inst/tx_fifo/fifo_inst/wr_ptr_sync_commit_reg_reg[4]/C
  -------------------------------------------------------------------    -------------------
    SLICE_X69Y195        FDRE (Prop_fdre_C_Q)         0.304    -1.426 r  ETH_MOD/ETH_MAC_UDP_STACK_COM/eth_mac_inst/tx_fifo/fifo_inst/wr_ptr_sync_commit_reg_reg[4]/Q
                         net (fo=1, routed)           0.314    -1.112    ETH_MOD/ETH_MAC_UDP_STACK_COM/eth_mac_inst/tx_fifo/fifo_inst/wr_ptr_sync_commit_reg[4]
    SLICE_X66Y195        FDRE                                         r  ETH_MOD/ETH_MAC_UDP_STACK_COM/eth_mac_inst/tx_fifo/fifo_inst/wr_ptr_commit_sync_reg_reg[4]/D
  -------------------------------------------------------------------    -------------------

                         (clock sclk125 rise edge)    0.000     0.000 r  
    AA4                                               0.000     0.000 r  sysclk_p (IN)
                         net (fo=0)                   0.000     0.000    SYS_TIMING_ENPT/sysclk_p
    AA4                  IBUFDS (Prop_ibufds_I_O)     0.907     0.907 r  SYS_TIMING_ENPT/sysclk_ibufds_inst/O
                         net (fo=1, routed)           1.065     1.972    SYS_TIMING_ENPT/sysclk_ibuf
    MMCME2_ADV_X1Y1      MMCME2_ADV (Prop_mmcme2_adv_CLKIN1_CLKOUT3)
                                                     -6.553    -4.581 r  SYS_TIMING_ENPT/mmcm0_inst/CLKOUT3
                         net (fo=1, routed)           1.797    -2.784    SYS_TIMING_ENPT/mmcm0_clkout3
    BUFGCTRL_X0Y0        BUFG (Prop_bufg_I_O)         0.081    -2.703 r  SYS_TIMING_ENPT/mmcm0_clk3_inst/O
                         net (fo=2469, routed)        0.118    -2.585    ETH_MOD/ETH_MAC_UDP_STACK_COM/eth_mac_inst/eth_mac_1g_gmii_inst/gmii_phy_if_inst/sys_clk125
    BUFGCTRL_X0Y1        BUFGCTRL (Prop_bufgctrl_I0_O)
                                                      0.081    -2.504 r  ETH_MOD/ETH_MAC_UDP_STACK_COM/eth_mac_inst/eth_mac_1g_gmii_inst/gmii_phy_if_inst/gmii_bufgmux_inst/O
                         net (fo=163, routed)         1.388    -1.116    ETH_MOD/ETH_MAC_UDP_STACK_COM/eth_mac_inst/tx_fifo/fifo_inst/tx_clk
    SLICE_X66Y195        FDRE                                         r  ETH_MOD/ETH_MAC_UDP_STACK_COM/eth_mac_inst/tx_fifo/fifo_inst/wr_ptr_commit_sync_reg_reg[4]/C
                         clock pessimism             -0.305    -1.421    
    SLICE_X66Y195        FDRE (Hold_fdre_C_D)         0.204    -1.217    ETH_MOD/ETH_MAC_UDP_STACK_COM/eth_mac_inst/tx_fifo/fifo_inst/wr_ptr_commit_sync_reg_reg[4]
  -------------------------------------------------------------------
                         data arrival                          -1.112    
                         clock arrival                         -1.217    
  -------------------------------------------------------------------
                         relative delay                         0.104    



