#-----------------------------------------------------------
# Vivado v2023.1 (64-bit)
# SW Build 3865809 on Sun May  7 15:05:29 MDT 2023
# IP Build 3864474 on Sun May  7 20:36:21 MDT 2023
# SharedData Build 3865790 on Sun May 07 13:33:03 MDT 2023
# Start of session at: Mon Oct  9 09:00:43 2023
# Process ID: 13592
# Current directory: C:/Users/PERSONAL/Documents/GitHub/DAPHNE_V1/DAPHNE_Full
# Command line: vivado.exe -gui_launcher_event rodinguilauncherevent992 C:\Users\PERSONAL\Documents\GitHub\DAPHNE_V1\DAPHNE_Full\DAPHNE_Full.xpr
# Log file: C:/Users/PERSONAL/Documents/GitHub/DAPHNE_V1/DAPHNE_Full/vivado.log
# Journal file: C:/Users/PERSONAL/Documents/GitHub/DAPHNE_V1/DAPHNE_Full\vivado.jou
# Running On: DESKTOP-8QMV69R, OS: Windows, CPU Frequency: 2195 MHz, CPU Physical cores: 2, Host memory: 8499 MB
#-----------------------------------------------------------
start_gui
open_project C:/Users/PERSONAL/Documents/GitHub/DAPHNE_V1/DAPHNE_Full/DAPHNE_Full.xpr
WARNING: [Board 49-26] cannot add Board Part xilinx.com:vek280_es:part0:1.0 available at F:/AMDXilinx/Vivado/2023.1/data/xhub/boards/XilinxBoardStore/boards/Xilinx/vek280/es/rev_a/1.0/board.xml as part xcve2802-vsvh1760-2lp-e-s-es1 specified in board_part file is either invalid or not available
WARNING: [Board 49-26] cannot add Board Part xilinx.com:vek280_es:part0:1.1 available at F:/AMDXilinx/Vivado/2023.1/data/xhub/boards/XilinxBoardStore/boards/Xilinx/vek280/es/rev_a/1.1/board.xml as part xcve2802-vsvh1760-2lp-e-s-es1 specified in board_part file is either invalid or not available
WARNING: [Board 49-26] cannot add Board Part xilinx.com:vek280_es_revb:part0:1.0 available at F:/AMDXilinx/Vivado/2023.1/data/xhub/boards/XilinxBoardStore/boards/Xilinx/vek280/es/rev_b/1.0/board.xml as part xcve2802-vsvh1760-2mp-e-s-es1 specified in board_part file is either invalid or not available
WARNING: [Board 49-26] cannot add Board Part xilinx.com:vek280_es_revb:part0:1.1 available at F:/AMDXilinx/Vivado/2023.1/data/xhub/boards/XilinxBoardStore/boards/Xilinx/vek280/es/rev_b/1.1/board.xml as part xcve2802-vsvh1760-2mp-e-s-es1 specified in board_part file is either invalid or not available
WARNING: [Board 49-26] cannot add Board Part xilinx.com:vhk158_es:part0:1.0 available at F:/AMDXilinx/Vivado/2023.1/data/xhub/boards/XilinxBoardStore/boards/Xilinx/vhk158/es/1.0/board.xml as part xcvh1582-vsva3697-2mp-e-s-es1 specified in board_part file is either invalid or not available
WARNING: [Board 49-26] cannot add Board Part xilinx.com:vhk158_es:part0:1.1 available at F:/AMDXilinx/Vivado/2023.1/data/xhub/boards/XilinxBoardStore/boards/Xilinx/vhk158/es/1.1/board.xml as part xcvh1582-vsva3697-2mp-e-s-es1 specified in board_part file is either invalid or not available
WARNING: [Board 49-26] cannot add Board Part xilinx.com:vpk120_es:part0:1.2 available at F:/AMDXilinx/Vivado/2023.1/data/xhub/boards/XilinxBoardStore/boards/Xilinx/vpk120/es/1.2/board.xml as part xcvp1202-vsva2785-2mp-e-s-es1 specified in board_part file is either invalid or not available
WARNING: [Board 49-26] cannot add Board Part xilinx.com:vpk120_es:part0:1.3 available at F:/AMDXilinx/Vivado/2023.1/data/xhub/boards/XilinxBoardStore/boards/Xilinx/vpk120/es/1.3/board.xml as part xcvp1202-vsva2785-2mp-e-s-es1 specified in board_part file is either invalid or not available
WARNING: [Board 49-26] cannot add Board Part xilinx.com:vpk120_es_revb:part0:1.0 available at F:/AMDXilinx/Vivado/2023.1/data/xhub/boards/XilinxBoardStore/boards/Xilinx/vpk120_revb/es/1.0/board.xml as part xcvp1202-vsva2785-2mp-e-s-es1 specified in board_part file is either invalid or not available
WARNING: [Board 49-26] cannot add Board Part xilinx.com:vpk120_es_revb:part0:1.1 available at F:/AMDXilinx/Vivado/2023.1/data/xhub/boards/XilinxBoardStore/boards/Xilinx/vpk120_revb/es/1.1/board.xml as part xcvp1202-vsva2785-2mp-e-s-es1 specified in board_part file is either invalid or not available
WARNING: [Board 49-26] cannot add Board Part xilinx.com:vpk180_es:part0:1.0 available at F:/AMDXilinx/Vivado/2023.1/data/xhub/boards/XilinxBoardStore/boards/Xilinx/vpk180/es/1.0/board.xml as part xcvp1802-lsvc4072-2mp-e-s-es1 specified in board_part file is either invalid or not available
WARNING: [Board 49-26] cannot add Board Part xilinx.com:vpk180_es:part0:1.1 available at F:/AMDXilinx/Vivado/2023.1/data/xhub/boards/XilinxBoardStore/boards/Xilinx/vpk180/es/1.1/board.xml as part xcvp1802-lsvc4072-2mp-e-s-es1 specified in board_part file is either invalid or not available
WARNING: [Board 49-26] cannot add Board Part xilinx.com:zcu208ld:part0:2.0 available at F:/AMDXilinx/Vivado/2023.1/data/xhub/boards/XilinxBoardStore/boards/Xilinx/zcu208ld/production/2.0/board.xml as part xczu58dr-fsvg1517-2-i specified in board_part file is either invalid or not available
WARNING: [Board 49-26] cannot add Board Part xilinx.com:zcu216ld:part0:2.0 available at F:/AMDXilinx/Vivado/2023.1/data/xhub/boards/XilinxBoardStore/boards/Xilinx/zcu216ld/production/2.0/board.xml as part xczu59dr-ffvf1760-2-i specified in board_part file is either invalid or not available
WARNING: [Board 49-26] cannot add Board Part xilinx.com:zcu670:part0:2.0 available at F:/AMDXilinx/Vivado/2023.1/data/xhub/boards/XilinxBoardStore/boards/Xilinx/zcu670/2.0/board.xml as part xczu67dr-fsve1156-2-i specified in board_part file is either invalid or not available
WARNING: [Board 49-26] cannot add Board Part xilinx.com:zcu670ld:part0:1.0 available at F:/AMDXilinx/Vivado/2023.1/data/xhub/boards/XilinxBoardStore/boards/Xilinx/zcu670ld/1.0/board.xml as part xczu57dr-fsve1156-2-i specified in board_part file is either invalid or not available
INFO: [Project 1-313] Project file moved from 'C:/Users/PERSONAL/Desktop/DAPHNE_Full' since last save.
INFO: [filemgmt 56-1] Board Part Repository Path: Directory not found as 'C:/Users/PERSONAL/Documents/GitHub/AppData/Roaming/Xilinx/Vivado/2023.1/xhub/board_store/xilinx_board_store'; using path 'C:/Users/PERSONAL/AppData/Roaming/Xilinx/Vivado/2023.1/xhub/board_store/xilinx_board_store' instead.
INFO: [filemgmt 56-3] Default IP Output Path : Could not find the directory 'C:/Users/PERSONAL/Documents/GitHub/DAPHNE_V1/DAPHNE_Full/DAPHNE_Full.gen/sources_1'.
WARNING: [Project 1-312] File not found as 'C:/Users/PERSONAL/Documents/GitHub/Documents/GitHub/DAPHNE_V1/Nexys_AFE_Link/arbiter.v'; using path 'C:/Users/PERSONAL/Documents/GitHub/DAPHNE_V1/Nexys_AFE_Link/arbiter.v' instead.
WARNING: [Project 1-312] File not found as 'C:/Users/PERSONAL/Documents/GitHub/Documents/GitHub/DAPHNE_V1/Nexys_AFE_Link/arp.v'; using path 'C:/Users/PERSONAL/Documents/GitHub/DAPHNE_V1/Nexys_AFE_Link/arp.v' instead.
WARNING: [Project 1-312] File not found as 'C:/Users/PERSONAL/Documents/GitHub/Documents/GitHub/DAPHNE_V1/Nexys_AFE_Link/arp_cache.v'; using path 'C:/Users/PERSONAL/Documents/GitHub/DAPHNE_V1/Nexys_AFE_Link/arp_cache.v' instead.
WARNING: [Project 1-312] File not found as 'C:/Users/PERSONAL/Documents/GitHub/Documents/GitHub/DAPHNE_V1/Nexys_AFE_Link/arp_eth_rx.v'; using path 'C:/Users/PERSONAL/Documents/GitHub/DAPHNE_V1/Nexys_AFE_Link/arp_eth_rx.v' instead.
WARNING: [Project 1-312] File not found as 'C:/Users/PERSONAL/Documents/GitHub/Documents/GitHub/DAPHNE_V1/Nexys_AFE_Link/arp_eth_tx.v'; using path 'C:/Users/PERSONAL/Documents/GitHub/DAPHNE_V1/Nexys_AFE_Link/arp_eth_tx.v' instead.
WARNING: [Project 1-312] File not found as 'C:/Users/PERSONAL/Documents/GitHub/Documents/GitHub/DAPHNE_V1/Nexys_AFE_Link/axis_adapter.v'; using path 'C:/Users/PERSONAL/Documents/GitHub/DAPHNE_V1/Nexys_AFE_Link/axis_adapter.v' instead.
WARNING: [Project 1-312] File not found as 'C:/Users/PERSONAL/Documents/GitHub/Documents/GitHub/DAPHNE_V1/Nexys_AFE_Link/axis_async_fifo.v'; using path 'C:/Users/PERSONAL/Documents/GitHub/DAPHNE_V1/Nexys_AFE_Link/axis_async_fifo.v' instead.
WARNING: [Project 1-312] File not found as 'C:/Users/PERSONAL/Documents/GitHub/Documents/GitHub/DAPHNE_V1/Nexys_AFE_Link/axis_async_fifo_adapter.v'; using path 'C:/Users/PERSONAL/Documents/GitHub/DAPHNE_V1/Nexys_AFE_Link/axis_async_fifo_adapter.v' instead.
WARNING: [Project 1-312] File not found as 'C:/Users/PERSONAL/Documents/GitHub/Documents/GitHub/DAPHNE_V1/Nexys_AFE_Link/axis_fifo.v'; using path 'C:/Users/PERSONAL/Documents/GitHub/DAPHNE_V1/Nexys_AFE_Link/axis_fifo.v' instead.
WARNING: [Project 1-312] File not found as 'C:/Users/PERSONAL/Documents/GitHub/Documents/GitHub/DAPHNE_V1/Nexys_AFE_Link/axis_gmii_rx.v'; using path 'C:/Users/PERSONAL/Documents/GitHub/DAPHNE_V1/Nexys_AFE_Link/axis_gmii_rx.v' instead.
WARNING: [Project 1-312] File not found as 'C:/Users/PERSONAL/Documents/GitHub/Documents/GitHub/DAPHNE_V1/Nexys_AFE_Link/axis_gmii_tx.v'; using path 'C:/Users/PERSONAL/Documents/GitHub/DAPHNE_V1/Nexys_AFE_Link/axis_gmii_tx.v' instead.
WARNING: [Project 1-312] File not found as 'C:/Users/PERSONAL/Documents/GitHub/Documents/GitHub/DAPHNE_V1/Nexys_AFE_Link/eth_arb_mux.v'; using path 'C:/Users/PERSONAL/Documents/GitHub/DAPHNE_V1/Nexys_AFE_Link/eth_arb_mux.v' instead.
WARNING: [Project 1-312] File not found as 'C:/Users/PERSONAL/Documents/GitHub/Documents/GitHub/DAPHNE_V1/Nexys_AFE_Link/eth_axis_rx.v'; using path 'C:/Users/PERSONAL/Documents/GitHub/DAPHNE_V1/Nexys_AFE_Link/eth_axis_rx.v' instead.
WARNING: [Project 1-312] File not found as 'C:/Users/PERSONAL/Documents/GitHub/Documents/GitHub/DAPHNE_V1/Nexys_AFE_Link/eth_axis_tx.v'; using path 'C:/Users/PERSONAL/Documents/GitHub/DAPHNE_V1/Nexys_AFE_Link/eth_axis_tx.v' instead.
WARNING: [Project 1-312] File not found as 'C:/Users/PERSONAL/Documents/GitHub/Documents/GitHub/DAPHNE_V1/Nexys_AFE_Link/eth_mac_1g.v'; using path 'C:/Users/PERSONAL/Documents/GitHub/DAPHNE_V1/Nexys_AFE_Link/eth_mac_1g.v' instead.
WARNING: [Project 1-312] File not found as 'C:/Users/PERSONAL/Documents/GitHub/Documents/GitHub/DAPHNE_V1/Nexys_AFE_Link/eth_mac_1g_rgmii.v'; using path 'C:/Users/PERSONAL/Documents/GitHub/DAPHNE_V1/Nexys_AFE_Link/eth_mac_1g_rgmii.v' instead.
WARNING: [Project 1-312] File not found as 'C:/Users/PERSONAL/Documents/GitHub/Documents/GitHub/DAPHNE_V1/Nexys_AFE_Link/eth_mac_1g_rgmii_fifo.v'; using path 'C:/Users/PERSONAL/Documents/GitHub/DAPHNE_V1/Nexys_AFE_Link/eth_mac_1g_rgmii_fifo.v' instead.
WARNING: [Project 1-312] File not found as 'C:/Users/PERSONAL/Documents/GitHub/Documents/GitHub/DAPHNE_V1/Nexys_AFE_Link/iddr.v'; using path 'C:/Users/PERSONAL/Documents/GitHub/DAPHNE_V1/Nexys_AFE_Link/iddr.v' instead.
WARNING: [Project 1-312] File not found as 'C:/Users/PERSONAL/Documents/GitHub/Documents/GitHub/DAPHNE_V1/Nexys_AFE_Link/ip.v'; using path 'C:/Users/PERSONAL/Documents/GitHub/DAPHNE_V1/Nexys_AFE_Link/ip.v' instead.
WARNING: [Project 1-312] File not found as 'C:/Users/PERSONAL/Documents/GitHub/Documents/GitHub/DAPHNE_V1/Nexys_AFE_Link/ip_arb_mux.v'; using path 'C:/Users/PERSONAL/Documents/GitHub/DAPHNE_V1/Nexys_AFE_Link/ip_arb_mux.v' instead.
WARNING: [Project 1-312] File not found as 'C:/Users/PERSONAL/Documents/GitHub/Documents/GitHub/DAPHNE_V1/Nexys_AFE_Link/ip_complete.v'; using path 'C:/Users/PERSONAL/Documents/GitHub/DAPHNE_V1/Nexys_AFE_Link/ip_complete.v' instead.
WARNING: [Project 1-312] File not found as 'C:/Users/PERSONAL/Documents/GitHub/Documents/GitHub/DAPHNE_V1/Nexys_AFE_Link/ip_eth_rx.v'; using path 'C:/Users/PERSONAL/Documents/GitHub/DAPHNE_V1/Nexys_AFE_Link/ip_eth_rx.v' instead.
WARNING: [Project 1-312] File not found as 'C:/Users/PERSONAL/Documents/GitHub/Documents/GitHub/DAPHNE_V1/Nexys_AFE_Link/ip_eth_tx.v'; using path 'C:/Users/PERSONAL/Documents/GitHub/DAPHNE_V1/Nexys_AFE_Link/ip_eth_tx.v' instead.
WARNING: [Project 1-312] File not found as 'C:/Users/PERSONAL/Documents/GitHub/Documents/GitHub/DAPHNE_V1/Nexys_AFE_Link/lfsr.v'; using path 'C:/Users/PERSONAL/Documents/GitHub/DAPHNE_V1/Nexys_AFE_Link/lfsr.v' instead.
WARNING: [Project 1-312] File not found as 'C:/Users/PERSONAL/Documents/GitHub/Documents/GitHub/DAPHNE_V1/Nexys_AFE_Link/mac_ctrl_rx.v'; using path 'C:/Users/PERSONAL/Documents/GitHub/DAPHNE_V1/Nexys_AFE_Link/mac_ctrl_rx.v' instead.
WARNING: [Project 1-312] File not found as 'C:/Users/PERSONAL/Documents/GitHub/Documents/GitHub/DAPHNE_V1/Nexys_AFE_Link/mac_ctrl_tx.v'; using path 'C:/Users/PERSONAL/Documents/GitHub/DAPHNE_V1/Nexys_AFE_Link/mac_ctrl_tx.v' instead.
WARNING: [Project 1-312] File not found as 'C:/Users/PERSONAL/Documents/GitHub/Documents/GitHub/DAPHNE_V1/Nexys_AFE_Link/mac_pause_ctrl_rx.v'; using path 'C:/Users/PERSONAL/Documents/GitHub/DAPHNE_V1/Nexys_AFE_Link/mac_pause_ctrl_rx.v' instead.
WARNING: [Project 1-312] File not found as 'C:/Users/PERSONAL/Documents/GitHub/Documents/GitHub/DAPHNE_V1/Nexys_AFE_Link/mac_pause_ctrl_tx.v'; using path 'C:/Users/PERSONAL/Documents/GitHub/DAPHNE_V1/Nexys_AFE_Link/mac_pause_ctrl_tx.v' instead.
WARNING: [Project 1-312] File not found as 'C:/Users/PERSONAL/Documents/GitHub/Documents/GitHub/DAPHNE_V1/Nexys_AFE_Link/oddr.v'; using path 'C:/Users/PERSONAL/Documents/GitHub/DAPHNE_V1/Nexys_AFE_Link/oddr.v' instead.
WARNING: [Project 1-312] File not found as 'C:/Users/PERSONAL/Documents/GitHub/Documents/GitHub/DAPHNE_V1/Nexys_AFE_Link/priority_encoder.v'; using path 'C:/Users/PERSONAL/Documents/GitHub/DAPHNE_V1/Nexys_AFE_Link/priority_encoder.v' instead.
WARNING: [Project 1-312] File not found as 'C:/Users/PERSONAL/Documents/GitHub/Documents/GitHub/DAPHNE_V1/Nexys_AFE_Link/rgmii_phy_if.v'; using path 'C:/Users/PERSONAL/Documents/GitHub/DAPHNE_V1/Nexys_AFE_Link/rgmii_phy_if.v' instead.
WARNING: [Project 1-312] File not found as 'C:/Users/PERSONAL/Documents/GitHub/Documents/GitHub/DAPHNE_V1/Nexys_AFE_Link/ssio_ddr_in.v'; using path 'C:/Users/PERSONAL/Documents/GitHub/DAPHNE_V1/Nexys_AFE_Link/ssio_ddr_in.v' instead.
WARNING: [Project 1-312] File not found as 'C:/Users/PERSONAL/Documents/GitHub/Documents/GitHub/DAPHNE_V1/Nexys_AFE_Link/udp.v'; using path 'C:/Users/PERSONAL/Documents/GitHub/DAPHNE_V1/Nexys_AFE_Link/udp.v' instead.
WARNING: [Project 1-312] File not found as 'C:/Users/PERSONAL/Documents/GitHub/Documents/GitHub/DAPHNE_V1/Nexys_AFE_Link/udp_checksum_gen.v'; using path 'C:/Users/PERSONAL/Documents/GitHub/DAPHNE_V1/Nexys_AFE_Link/udp_checksum_gen.v' instead.
WARNING: [Project 1-312] File not found as 'C:/Users/PERSONAL/Documents/GitHub/Documents/GitHub/DAPHNE_V1/Nexys_AFE_Link/udp_complete.v'; using path 'C:/Users/PERSONAL/Documents/GitHub/DAPHNE_V1/Nexys_AFE_Link/udp_complete.v' instead.
WARNING: [Project 1-312] File not found as 'C:/Users/PERSONAL/Documents/GitHub/Documents/GitHub/DAPHNE_V1/Nexys_AFE_Link/udp_ip_rx.v'; using path 'C:/Users/PERSONAL/Documents/GitHub/DAPHNE_V1/Nexys_AFE_Link/udp_ip_rx.v' instead.
WARNING: [Project 1-312] File not found as 'C:/Users/PERSONAL/Documents/GitHub/Documents/GitHub/DAPHNE_V1/Nexys_AFE_Link/udp_ip_tx.v'; using path 'C:/Users/PERSONAL/Documents/GitHub/DAPHNE_V1/Nexys_AFE_Link/udp_ip_tx.v' instead.
WARNING: [Project 1-312] File not found as 'C:/Users/PERSONAL/Documents/GitHub/Documents/GitHub/DAPHNE_V1/Nexys_AFE_Link/AXI_FIFO_Adapter.vhd'; using path 'C:/Users/PERSONAL/Documents/GitHub/DAPHNE_V1/Nexys_AFE_Link/AXI_FIFO_Adapter.vhd' instead.
WARNING: [Project 1-312] File not found as 'C:/Users/PERSONAL/Documents/GitHub/Documents/GitHub/DAPHNE_V1/Nexys_AFE_Link/AcquisitionManager.vhd'; using path 'C:/Users/PERSONAL/Documents/GitHub/DAPHNE_V1/Nexys_AFE_Link/AcquisitionManager.vhd' instead.
WARNING: [Project 1-312] File not found as 'C:/Users/PERSONAL/Documents/GitHub/Documents/GitHub/DAPHNE_V1/Nexys_AFE_Link/AlignFSM.vhd'; using path 'C:/Users/PERSONAL/Documents/GitHub/DAPHNE_V1/Nexys_AFE_Link/AlignFSM.vhd' instead.
WARNING: [Project 1-312] File not found as 'C:/Users/PERSONAL/Documents/GitHub/Documents/GitHub/DAPHNE_V1/Nexys_AFE_Link/Bufgmux_Module.vhd'; using path 'C:/Users/PERSONAL/Documents/GitHub/DAPHNE_V1/Nexys_AFE_Link/Bufgmux_Module.vhd' instead.
WARNING: [Project 1-312] File not found as 'C:/Users/PERSONAL/Documents/GitHub/Documents/GitHub/DAPHNE_V1/Nexys_AFE_Link/ClockMUX.vhd'; using path 'C:/Users/PERSONAL/Documents/GitHub/DAPHNE_V1/Nexys_AFE_Link/ClockMUX.vhd' instead.
WARNING: [Project 1-312] File not found as 'C:/Users/PERSONAL/Documents/GitHub/Documents/GitHub/DAPHNE_V1/Nexys_AFE_Link/ClockManager.vhd'; using path 'C:/Users/PERSONAL/Documents/GitHub/DAPHNE_V1/Nexys_AFE_Link/ClockManager.vhd' instead.
WARNING: [Project 1-312] File not found as 'C:/Users/PERSONAL/Documents/GitHub/Documents/GitHub/DAPHNE_V1/Nexys_AFE_Link/DataAcquisition.vhd'; using path 'C:/Users/PERSONAL/Documents/GitHub/DAPHNE_V1/Nexys_AFE_Link/DataAcquisition.vhd' instead.
WARNING: [Project 1-312] File not found as 'C:/Users/PERSONAL/Documents/GitHub/Documents/GitHub/DAPHNE_V1/Nexys_AFE_Link/FDRE_Module.vhd'; using path 'C:/Users/PERSONAL/Documents/GitHub/DAPHNE_V1/Nexys_AFE_Link/FDRE_Module.vhd' instead.
WARNING: [Project 1-312] File not found as 'C:/Users/PERSONAL/Documents/GitHub/Documents/GitHub/DAPHNE_V1/Nexys_AFE_Link/FIFOManager.vhd'; using path 'C:/Users/PERSONAL/Documents/GitHub/DAPHNE_V1/Nexys_AFE_Link/FIFOManager.vhd' instead.
WARNING: [Project 1-312] File not found as 'C:/Users/PERSONAL/Documents/GitHub/Documents/GitHub/DAPHNE_V1/Nexys_AFE_Link/FIFO_Module.vhd'; using path 'C:/Users/PERSONAL/Documents/GitHub/DAPHNE_V1/Nexys_AFE_Link/FIFO_Module.vhd' instead.
WARNING: [Project 1-312] File not found as 'C:/Users/PERSONAL/Documents/GitHub/Documents/GitHub/DAPHNE_V1/Nexys_AFE_Link/Ibufds_Module.vhd'; using path 'C:/Users/PERSONAL/Documents/GitHub/DAPHNE_V1/Nexys_AFE_Link/Ibufds_Module.vhd' instead.
WARNING: [Project 1-312] File not found as 'C:/Users/PERSONAL/Documents/GitHub/Documents/GitHub/DAPHNE_V1/Nexys_AFE_Link/InputBuffers.vhd'; using path 'C:/Users/PERSONAL/Documents/GitHub/DAPHNE_V1/Nexys_AFE_Link/InputBuffers.vhd' instead.
WARNING: [Project 1-312] File not found as 'C:/Users/PERSONAL/Documents/GitHub/Documents/GitHub/DAPHNE_V1/Nexys_AFE_Link/Iserdese_Block.vhd'; using path 'C:/Users/PERSONAL/Documents/GitHub/DAPHNE_V1/Nexys_AFE_Link/Iserdese_Block.vhd' instead.
WARNING: [Project 1-312] File not found as 'C:/Users/PERSONAL/Documents/GitHub/Documents/GitHub/DAPHNE_V1/Nexys_AFE_Link/PLL_Module.vhd'; using path 'C:/Users/PERSONAL/Documents/GitHub/DAPHNE_V1/Nexys_AFE_Link/PLL_Module.vhd' instead.
WARNING: [Project 1-312] File not found as 'C:/Users/PERSONAL/Documents/GitHub/Documents/GitHub/DAPHNE_V1/Nexys_AFE_Link/ResetMemory_Module.vhd'; using path 'C:/Users/PERSONAL/Documents/GitHub/DAPHNE_V1/Nexys_AFE_Link/ResetMemory_Module.vhd' instead.
WARNING: [Project 1-312] File not found as 'C:/Users/PERSONAL/Documents/GitHub/Documents/GitHub/DAPHNE_V1/Nexys_AFE_Link/Self-trigger_VHDL.vhd'; using path 'C:/Users/PERSONAL/Documents/GitHub/DAPHNE_V1/Nexys_AFE_Link/Self-trigger_VHDL.vhd' instead.
WARNING: [Project 1-312] File not found as 'C:/Users/PERSONAL/Documents/GitHub/Documents/GitHub/DAPHNE_V1/Nexys_AFE_Link/Synchronizer.vhd'; using path 'C:/Users/PERSONAL/Documents/GitHub/DAPHNE_V1/Nexys_AFE_Link/Synchronizer.vhd' instead.
WARNING: [Project 1-312] File not found as 'C:/Users/PERSONAL/Documents/GitHub/Documents/GitHub/DAPHNE_V1/Nexys_AFE_Link/bitFSM_Module.vhd'; using path 'C:/Users/PERSONAL/Documents/GitHub/DAPHNE_V1/Nexys_AFE_Link/bitFSM_Module.vhd' instead.
WARNING: [Project 1-312] File not found as 'C:/Users/PERSONAL/Documents/GitHub/Documents/GitHub/DAPHNE_V1/Nexys_AFE_Link/dsp_slice.vhd'; using path 'C:/Users/PERSONAL/Documents/GitHub/DAPHNE_V1/Nexys_AFE_Link/dsp_slice.vhd' instead.
WARNING: [Project 1-312] File not found as 'C:/Users/PERSONAL/Documents/GitHub/Documents/GitHub/DAPHNE_V1/Nexys_AFE_Link/frameFSM_Module.vhd'; using path 'C:/Users/PERSONAL/Documents/GitHub/DAPHNE_V1/Nexys_AFE_Link/frameFSM_Module.vhd' instead.
WARNING: [Project 1-312] File not found as 'C:/Users/PERSONAL/Documents/GitHub/Documents/GitHub/DAPHNE_V1/Nexys_AFE_Link/highPass_FirstOrder.vhd'; using path 'C:/Users/PERSONAL/Documents/GitHub/DAPHNE_V1/Nexys_AFE_Link/highPass_FirstOrder.vhd' instead.
WARNING: [Project 1-312] File not found as 'C:/Users/PERSONAL/Documents/GitHub/Documents/GitHub/DAPHNE_V1/Nexys_AFE_Link/rdFSM_Module.vhd'; using path 'C:/Users/PERSONAL/Documents/GitHub/DAPHNE_V1/Nexys_AFE_Link/rdFSM_Module.vhd' instead.
WARNING: [Project 1-312] File not found as 'C:/Users/PERSONAL/Documents/GitHub/Documents/GitHub/DAPHNE_V1/Nexys_AFE_Link/selfTrigger_Module.vhd'; using path 'C:/Users/PERSONAL/Documents/GitHub/DAPHNE_V1/Nexys_AFE_Link/selfTrigger_Module.vhd' instead.
WARNING: [Project 1-312] File not found as 'C:/Users/PERSONAL/Documents/GitHub/Documents/GitHub/DAPHNE_V1/Nexys_AFE_Link/trigSaveReadFSM.vhd'; using path 'C:/Users/PERSONAL/Documents/GitHub/DAPHNE_V1/Nexys_AFE_Link/trigSaveReadFSM.vhd' instead.
WARNING: [Project 1-312] File not found as 'C:/Users/PERSONAL/Documents/GitHub/Documents/GitHub/DAPHNE_V1/Nexys_AFE_Link/wrFSM_Module.vhd'; using path 'C:/Users/PERSONAL/Documents/GitHub/DAPHNE_V1/Nexys_AFE_Link/wrFSM_Module.vhd' instead.
WARNING: [Project 1-312] File not found as 'C:/Users/PERSONAL/Documents/GitHub/Documents/GitHub/DAPHNE_V1/Nexys_AFE_Link/fpga_sw.v'; using path 'C:/Users/PERSONAL/Documents/GitHub/DAPHNE_V1/Nexys_AFE_Link/fpga_sw.v' instead.
WARNING: [Project 1-312] File not found as 'C:/Users/PERSONAL/Documents/GitHub/Documents/GitHub/DAPHNE_V1/Nexys_AFE_Link/fpga_core.v'; using path 'C:/Users/PERSONAL/Documents/GitHub/DAPHNE_V1/Nexys_AFE_Link/fpga_core.v' instead.
WARNING: [Project 1-312] File not found as 'C:/Users/PERSONAL/Documents/GitHub/Documents/GitHub/DAPHNE_V1/Nexys_AFE_Link/axis_fifo_adapter.v'; using path 'C:/Users/PERSONAL/Documents/GitHub/DAPHNE_V1/Nexys_AFE_Link/axis_fifo_adapter.v' instead.
WARNING: [Project 1-312] File not found as 'C:/Users/PERSONAL/Documents/GitHub/Documents/GitHub/DAPHNE_V1/Nexys_AFE_Link/debounce_switch.v'; using path 'C:/Users/PERSONAL/Documents/GitHub/DAPHNE_V1/Nexys_AFE_Link/debounce_switch.v' instead.
WARNING: [Project 1-312] File not found as 'C:/Users/PERSONAL/Documents/GitHub/Documents/GitHub/DAPHNE_V1/Nexys_AFE_Link/fpga.v'; using path 'C:/Users/PERSONAL/Documents/GitHub/DAPHNE_V1/Nexys_AFE_Link/fpga.v' instead.
WARNING: [Project 1-312] File not found as 'C:/Users/PERSONAL/Documents/GitHub/Documents/GitHub/DAPHNE_V1/Nexys_AFE_Link/sync_reset.v'; using path 'C:/Users/PERSONAL/Documents/GitHub/DAPHNE_V1/Nexys_AFE_Link/sync_reset.v' instead.
WARNING: [Project 1-312] File not found as 'C:/Users/PERSONAL/Documents/GitHub/Documents/GitHub/DAPHNE_V1/Nexys_AFE_Link/sync_signal.v'; using path 'C:/Users/PERSONAL/Documents/GitHub/DAPHNE_V1/Nexys_AFE_Link/sync_signal.v' instead.
WARNING: [Project 1-312] File not found as 'C:/Users/PERSONAL/Documents/GitHub/Documents/GitHub/DAPHNE_V1/Nexys_AFE_Link/counter.vhd'; using path 'C:/Users/PERSONAL/Documents/GitHub/DAPHNE_V1/Nexys_AFE_Link/counter.vhd' instead.
WARNING: [Project 1-312] File not found as 'C:/Users/PERSONAL/Documents/GitHub/Documents/GitHub/DAPHNE_V1/Nexys_AFE_Link/message_sender.vhd'; using path 'C:/Users/PERSONAL/Documents/GitHub/DAPHNE_V1/Nexys_AFE_Link/message_sender.vhd' instead.
WARNING: [Project 1-312] File not found as 'C:/Users/PERSONAL/Documents/GitHub/Documents/GitHub/DAPHNE_V1/Nexys_AFE_Link/trigCtrlFSM_Module.vhd'; using path 'C:/Users/PERSONAL/Documents/GitHub/DAPHNE_V1/Nexys_AFE_Link/trigCtrlFSM_Module.vhd' instead.
WARNING: [Project 1-312] File not found as 'C:/Users/PERSONAL/Documents/GitHub/Documents/GitHub/DAPHNE_V1/Nexys_AFE_Link/trigSaveFSM.vhd'; using path 'C:/Users/PERSONAL/Documents/GitHub/DAPHNE_V1/Nexys_AFE_Link/trigSaveFSM.vhd' instead.
Scanning sources...
Finished scanning sources
INFO: [IP_Flow 19-234] Refreshing IP repositories
INFO: [IP_Flow 19-1704] No user IP repositories specified
INFO: [IP_Flow 19-2313] Loaded Vivado IP repository 'F:/AMDXilinx/Vivado/2023.1/data/ip'.
open_project: Time (s): cpu = 00:01:14 ; elapsed = 00:00:40 . Memory (MB): peak = 2484.945 ; gain = 448.906
update_compile_order -fileset sources_1
exit
INFO: [Common 17-206] Exiting Vivado at Mon Oct  9 15:32:49 2023...
